#
# There is insufficient memory for the Java Runtime Environment to continue.
# Native memory allocation (malloc) failed to allocate 230976 bytes for Chunk::new
# Possible reasons:
#   The system is out of physical RAM or swap space
#   The process is running with CompressedOops enabled, and the Java Heap may be blocking the growth of the native heap
# Possible solutions:
#   Reduce memory load on the system
#   Increase physical memory or swap space
#   Check if swap backing store is full
#   Decrease Java heap size (-Xmx/-Xms)
#   Decrease number of Java threads
#   Decrease Java thread stack sizes (-Xss)
#   Set larger code cache with -XX:ReservedCodeCacheSize=
#   JVM is running with Unscaled Compressed Oops mode in which the Java heap is
#     placed in the first 4GB address space. The Java Heap base address is the
#     maximum limit for the native heap growth. Please use -XX:HeapBaseMinAddress
#     to set the Java Heap base and to place the Java Heap above 4GB virtual address.
# This output file may be truncated or incomplete.
#
#  Out of Memory Error (./src/hotspot/share/memory/arena.cpp:197), pid=8972, tid=9616
#
# JRE version: OpenJDK Runtime Environment (11.0.8+10) (build 11.0.8+10-b944.6842174)
# Java VM: OpenJDK 64-Bit Server VM (11.0.8+10-b944.6842174, mixed mode, tiered, compressed oops, g1 gc, windows-amd64)
# No core dump will be written. Minidumps are not enabled by default on client versions of Windows
#

---------------  S U M M A R Y ------------

Command Line: --add-opens=java.base/java.util=ALL-UNNAMED --add-opens=java.base/java.lang=ALL-UNNAMED --add-opens=java.base/java.lang.invoke=ALL-UNNAMED --add-opens=java.prefs/java.util.prefs=ALL-UNNAMED -Xmx2048m -Dfile.encoding=windows-1252 -Duser.country=IN -Duser.language=en -Duser.variant org.gradle.launcher.daemon.bootstrap.GradleDaemon 6.7.1

Host: Intel(R) Core(TM) i3-7020U CPU @ 2.30GHz, 4 cores, 11G,  Windows 10 , 64 bit Build 19041 (10.0.19041.1023)
Time: Sun Jun 27 18:57:25 2021 India Standard Time elapsed time: 6338 seconds (0d 1h 45m 38s)

---------------  T H R E A D  ---------------

Current thread (0x0000027b7f268000):  JavaThread "C2 CompilerThread0" daemon [_thread_in_native, id=9616, stack(0x000000df0a800000,0x000000df0a900000)]


Current CompileTask:
C2:6338718 19824       4       org.gradle.api.internal.artifacts.transform.DefaultTransformerInvocationFactory$ImmutableTransformationWorkspaceIdentity::getIdentity (54 bytes)

Stack: [0x000000df0a800000,0x000000df0a900000]
Native frames: (J=compiled Java code, j=interpreted, Vv=VM code, C=native code)
V  [jvm.dll+0x5de50a]
V  [jvm.dll+0x7122f5]
V  [jvm.dll+0x71384d]
V  [jvm.dll+0x713f03]
V  [jvm.dll+0x23e728]
V  [jvm.dll+0xb899c]
V  [jvm.dll+0xb8e9c]
V  [jvm.dll+0x2b20e4]
V  [jvm.dll+0x502098]
V  [jvm.dll+0x1ff393]
V  [jvm.dll+0x1f917c]
V  [jvm.dll+0x1f685f]
V  [jvm.dll+0x17f32c]
V  [jvm.dll+0x205047]
V  [jvm.dll+0x203891]
V  [jvm.dll+0x6dad3f]
V  [jvm.dll+0x6d3895]
V  [jvm.dll+0x5dd4a6]
C  [ucrtbase.dll+0x21bb2]
C  [KERNEL32.DLL+0x17034]
C  [ntdll.dll+0x52651]


---------------  P R O C E S S  ---------------

Threads class SMR info:
_java_thread_list=0x0000027b0efc1c30, length=150, elements={
0x0000027b66ff9000, 0x0000027b7ea14000, 0x0000027b7ea15000, 0x0000027b7f265000,
0x0000027b7f267000, 0x0000027b7f268000, 0x0000027b7f274000, 0x0000027b7f278800,
0x0000027b7f3d5800, 0x0000027b7f3de800, 0x0000027b04d03000, 0x0000027b05fdb000,
0x0000027b04f13800, 0x0000027b06729800, 0x0000027b06727000, 0x0000027b0672c000,
0x0000027b070a0800, 0x0000027b0709f000, 0x0000027b0ef55000, 0x0000027b0ef59800,
0x0000027b0a843000, 0x0000027b067f1000, 0x0000027b0667d800, 0x0000027b06688000,
0x0000027b0a6a4800, 0x0000027b0a6b0800, 0x0000027b05285000, 0x0000027b04cf6000,
0x0000027b05288800, 0x0000027b04cf3800, 0x0000027b04cf4800, 0x0000027b04cf7800,
0x0000027b04cf8800, 0x0000027b04cf7000, 0x0000027b04cf3000, 0x0000027b04cf9800,
0x0000027b04cfa000, 0x0000027b04cfb000, 0x0000027b04cf5000, 0x0000027b04cfd800,
0x0000027b04cff000, 0x0000027b04d01800, 0x0000027b04d00000, 0x0000027b04cfe000,
0x0000027b04cfc000, 0x0000027b04cfc800, 0x0000027b0a840800, 0x0000027b0a841800,
0x0000027b0a842000, 0x0000027b0a83f000, 0x0000027b0a83d000, 0x0000027b0a83c800,
0x0000027b0a844000, 0x0000027b0a83e000, 0x0000027b0a83f800, 0x0000027b0a848000,
0x0000027b0a848800, 0x0000027b0a846000, 0x0000027b0a849800, 0x0000027b0a844800,
0x0000027b0a84b000, 0x0000027b0a845800, 0x0000027b0a847000, 0x0000027b0a6a7000,
0x0000027b0a6a2000, 0x0000027b0a6a6000, 0x0000027b0a6a2800, 0x0000027b0a6a7800,
0x0000027b0a6a5000, 0x0000027b0a6a8800, 0x0000027b0a6a9000, 0x0000027b0a6a3800,
0x0000027b0a6aa000, 0x0000027b0a6af000, 0x0000027b0a6b0000, 0x0000027b0a6ab800,
0x0000027b0a6ab000, 0x0000027b0a6ac800, 0x0000027b0a6ad800, 0x0000027b0a6ae000,
0x0000027b05284800, 0x0000027b05280000, 0x0000027b05286800, 0x0000027b05286000,
0x0000027b05281000, 0x0000027b05282000, 0x0000027b05282800, 0x0000027b05289000,
0x0000027b0528a000, 0x0000027b0528b000, 0x0000027b0528b800, 0x0000027b0528c800,
0x0000027b0528d000, 0x0000027b05287800, 0x0000027b0528e000, 0x0000027b0528f000,
0x0000027b0667e000, 0x0000027b06680000, 0x0000027b0667b000, 0x0000027b06682000,
0x0000027b0667c800, 0x0000027b06681800, 0x0000027b06683000, 0x0000027b06680800,
0x0000027b06684800, 0x0000027b06684000, 0x0000027b0667f000, 0x0000027b06689800,
0x0000027b06685800, 0x0000027b06686800, 0x0000027b06687000, 0x0000027b06689000,
0x0000027b0ef4f000, 0x0000027b0ef4b000, 0x0000027b0ef4d800, 0x0000027b0ef50800,
0x0000027b0ef50000, 0x0000027b0ef51800, 0x0000027b0ef4e800, 0x0000027b0ef4c000,
0x0000027b0ef52800, 0x0000027b0ef4c800, 0x0000027b0ef58000, 0x0000027b0ef53000,
0x0000027b0ef55800, 0x0000027b0ef54000, 0x0000027b0ef57000, 0x0000027b070a3000,
0x0000027b070a8000, 0x0000027b070a5000, 0x0000027b070a6800, 0x0000027b070a7800,
0x0000027b070a2800, 0x0000027b070ac000, 0x0000027b070ad000, 0x0000027b070a9000,
0x0000027b070a9800, 0x0000027b070aa800, 0x0000027b070ab800, 0x0000027b067ef800,
0x0000027b067f3800, 0x0000027b067f4800, 0x0000027b067f0000, 0x0000027b067ee800,
0x0000027b067f5000, 0x0000027b067f2000, 0x0000027b067f2800, 0x0000027b0672d000,
0x0000027b06728000, 0x0000027b0672a800
}

Java Threads: ( => current thread )
  0x0000027b66ff9000 JavaThread "main" [_thread_blocked, id=5844, stack(0x000000df09d00000,0x000000df09e00000)]
  0x0000027b7ea14000 JavaThread "Reference Handler" daemon [_thread_blocked, id=10180, stack(0x000000df0a400000,0x000000df0a500000)]
  0x0000027b7ea15000 JavaThread "Finalizer" daemon [_thread_blocked, id=272, stack(0x000000df0a500000,0x000000df0a600000)]
  0x0000027b7f265000 JavaThread "Signal Dispatcher" daemon [_thread_blocked, id=3948, stack(0x000000df0a600000,0x000000df0a700000)]
  0x0000027b7f267000 JavaThread "Attach Listener" daemon [_thread_blocked, id=6544, stack(0x000000df0a700000,0x000000df0a800000)]
=>0x0000027b7f268000 JavaThread "C2 CompilerThread0" daemon [_thread_in_native, id=9616, stack(0x000000df0a800000,0x000000df0a900000)]
  0x0000027b7f274000 JavaThread "C1 CompilerThread0" daemon [_thread_blocked, id=5868, stack(0x000000df0a900000,0x000000df0aa00000)]
  0x0000027b7f278800 JavaThread "Sweeper thread" daemon [_thread_blocked, id=4532, stack(0x000000df0aa00000,0x000000df0ab00000)]
  0x0000027b7f3d5800 JavaThread "Common-Cleaner" daemon [_thread_blocked, id=4668, stack(0x000000df0ab00000,0x000000df0ac00000)]
  0x0000027b7f3de800 JavaThread "Service Thread" daemon [_thread_blocked, id=5064, stack(0x000000df0ac00000,0x000000df0ad00000)]
  0x0000027b04d03000 JavaThread "Daemon health stats" [_thread_blocked, id=8196, stack(0x000000df0b200000,0x000000df0b300000)]
  0x0000027b05fdb000 JavaThread "Incoming local TCP Connector on port 55920" [_thread_in_native, id=4784, stack(0x000000df0b400000,0x000000df0b500000)]
  0x0000027b04f13800 JavaThread "Daemon periodic checks" [_thread_blocked, id=7524, stack(0x000000df0b600000,0x000000df0b700000)]
  0x0000027b06729800 JavaThread "Cache worker for file hash cache (C:\Users\91912\.gradle\caches\6.7.1\fileHashes)" [_thread_blocked, id=7128, stack(0x000000df0be00000,0x000000df0bf00000)]
  0x0000027b06727000 JavaThread "File lock request listener" [_thread_in_native, id=2308, stack(0x000000df0bf00000,0x000000df0c000000)]
  0x0000027b0672c000 JavaThread "Cache worker for journal cache (C:\Users\91912\.gradle\caches\journal-1)" [_thread_blocked, id=3376, stack(0x000000df0b500000,0x000000df0b600000)]
  0x0000027b070a0800 JavaThread "Cache worker for execution history cache (C:\Users\91912\.gradle\caches\6.7.1\executionHistory)" [_thread_blocked, id=8088, stack(0x000000df0da00000,0x000000df0db00000)]
  0x0000027b0709f000 JavaThread "Cache worker for file content cache (C:\Users\91912\.gradle\caches\6.7.1\fileContent)" [_thread_blocked, id=4328, stack(0x000000df0db00000,0x000000df0dc00000)]
  0x0000027b0ef55000 JavaThread "Memory manager" [_thread_blocked, id=6424, stack(0x000000df12d00000,0x000000df12e00000)]
  0x0000027b0ef59800 JavaThread "pool-3-thread-1" [_thread_blocked, id=2100, stack(0x000000df12e00000,0x000000df12f00000)]
  0x0000027b0a843000 JavaThread "pool-6-thread-1" [_thread_blocked, id=8372, stack(0x000000df12900000,0x000000df12a00000)]
  0x0000027b067f1000 JavaThread "pool-10-thread-1" [_thread_blocked, id=10784, stack(0x000000df12a00000,0x000000df12b00000)]
  0x0000027b0667d800 JavaThread "pool-14-thread-1" [_thread_blocked, id=8708, stack(0x000000df12b00000,0x000000df12c00000)]
  0x0000027b06688000 JavaThread "pool-18-thread-1" [_thread_blocked, id=11240, stack(0x000000df12c00000,0x000000df12d00000)]
  0x0000027b0a6a4800 JavaThread "pool-22-thread-1" [_thread_blocked, id=6656, stack(0x000000df12f00000,0x000000df13000000)]
  0x0000027b0a6b0800 JavaThread "pool-26-thread-1" [_thread_blocked, id=10584, stack(0x000000df13000000,0x000000df13100000)]
  0x0000027b05285000 JavaThread "pool-30-thread-1" [_thread_blocked, id=5520, stack(0x000000df13100000,0x000000df13200000)]
  0x0000027b04cf6000 JavaThread "pool-34-thread-1" [_thread_blocked, id=8224, stack(0x000000df13200000,0x000000df13300000)]
  0x0000027b05288800 JavaThread "pool-38-thread-1" [_thread_blocked, id=10380, stack(0x000000df13300000,0x000000df13400000)]
  0x0000027b04cf3800 JavaThread "Daemon Thread 6" [_thread_blocked, id=10500, stack(0x000000df09a00000,0x000000df09b00000)]
  0x0000027b04cf4800 JavaThread "Handler for socket connection from /127.0.0.1:55920 to /127.0.0.1:64911" [_thread_in_native, id=2592, stack(0x000000df09b00000,0x000000df09c00000)]
  0x0000027b04cf7800 JavaThread "Cancel handler" [_thread_blocked, id=10156, stack(0x000000df09c00000,0x000000df09d00000)]
  0x0000027b04cf8800 JavaThread "Daemon worker Thread 6" [_thread_in_Java, id=1016, stack(0x000000df0ae00000,0x000000df0af00000)]
  0x0000027b04cf7000 JavaThread "Asynchronous log dispatcher for DefaultDaemonConnection: socket connection from /127.0.0.1:55920 to /127.0.0.1:64911" [_thread_blocked, id=1832, stack(0x000000df0b300000,0x000000df0b400000)]
  0x0000027b04cf3000 JavaThread "Stdin handler" [_thread_blocked, id=7624, stack(0x000000df0b700000,0x000000df0b800000)]
  0x0000027b04cf9800 JavaThread "Thread-817" [_thread_blocked, id=8408, stack(0x000000df0b800000,0x000000df0b900000)]
  0x0000027b04cfa000 JavaThread "Cache worker for file hash cache (C:\Users\91912\AndroidStudioProjects\DemoApp_20\.gradle\6.7.1\fileHashes)" [_thread_blocked, id=11476, stack(0x000000df0b900000,0x000000df0ba00000)]
  0x0000027b04cfb000 JavaThread "Cache worker for checksums cache (C:\Users\91912\AndroidStudioProjects\DemoApp_20\.gradle\checksums)" [_thread_blocked, id=748, stack(0x000000df0ba00000,0x000000df0bb00000)]
  0x0000027b04cf5000 JavaThread "Cache worker for cache directory md-supplier (C:\Users\91912\.gradle\caches\6.7.1\md-supplier)" [_thread_blocked, id=4648, stack(0x000000df0bb00000,0x000000df0bc00000)]
  0x0000027b04cfd800 JavaThread "Cache worker for cache directory md-rule (C:\Users\91912\.gradle\caches\6.7.1\md-rule)" [_thread_blocked, id=7200, stack(0x000000df0bc00000,0x000000df0bd00000)]
  0x0000027b04cff000 JavaThread "Cache worker for Build Output Cleanup Cache (C:\Users\91912\AndroidStudioProjects\DemoApp_20\.gradle\buildOutputCleanup)" [_thread_blocked, id=10360, stack(0x000000df0bd00000,0x000000df0be00000)]
  0x0000027b04d01800 JavaThread "Build operations" [_thread_blocked, id=9024, stack(0x000000df0c000000,0x000000df0c100000)]
  0x0000027b04d00000 JavaThread "Build operations Thread 2" [_thread_blocked, id=5784, stack(0x000000df0c100000,0x000000df0c200000)]
  0x0000027b04cfe000 JavaThread "Build operations Thread 3" [_thread_in_native, id=10548, stack(0x000000df0c200000,0x000000df0c300000)]
  0x0000027b04cfc000 JavaThread "Build operations Thread 4" [_thread_blocked, id=2072, stack(0x000000df0c300000,0x000000df0c400000)]
  0x0000027b04cfc800 JavaThread "jar transforms Thread 583" [_thread_blocked, id=9716, stack(0x000000df0c400000,0x000000df0c500000)]
  0x0000027b0a840800 JavaThread "jar transforms Thread 584" [_thread_blocked, id=11160, stack(0x000000df0c500000,0x000000df0c600000)]
  0x0000027b0a841800 JavaThread "jar transforms Thread 585" [_thread_blocked, id=7804, stack(0x000000df0c600000,0x000000df0c700000)]
  0x0000027b0a842000 JavaThread "jar transforms Thread 586" [_thread_blocked, id=568, stack(0x000000df0c700000,0x000000df0c800000)]
  0x0000027b0a83f000 JavaThread "jar transforms Thread 587" [_thread_blocked, id=5816, stack(0x000000df0c800000,0x000000df0c900000)]
  0x0000027b0a83d000 JavaThread "jar transforms Thread 588" [_thread_blocked, id=10936, stack(0x000000df0c900000,0x000000df0ca00000)]
  0x0000027b0a83c800 JavaThread "jar transforms Thread 589" [_thread_blocked, id=4608, stack(0x000000df0ca00000,0x000000df0cb00000)]
  0x0000027b0a844000 JavaThread "jar transforms Thread 590" [_thread_blocked, id=11876, stack(0x000000df0cb00000,0x000000df0cc00000)]
  0x0000027b0a83e000 JavaThread "jar transforms Thread 591" [_thread_blocked, id=11048, stack(0x000000df0cc00000,0x000000df0cd00000)]
  0x0000027b0a83f800 JavaThread "jar transforms Thread 592" [_thread_blocked, id=5288, stack(0x000000df0cd00000,0x000000df0ce00000)]
  0x0000027b0a848000 JavaThread "jar transforms Thread 593" [_thread_blocked, id=11328, stack(0x000000df0ce00000,0x000000df0cf00000)]
  0x0000027b0a848800 JavaThread "jar transforms Thread 594" [_thread_blocked, id=7088, stack(0x000000df0cf00000,0x000000df0d000000)]
  0x0000027b0a846000 JavaThread "jar transforms Thread 595" [_thread_blocked, id=3972, stack(0x000000df0d000000,0x000000df0d100000)]
  0x0000027b0a849800 JavaThread "jar transforms Thread 596" [_thread_blocked, id=3440, stack(0x000000df0d100000,0x000000df0d200000)]
  0x0000027b0a844800 JavaThread "jar transforms Thread 597" [_thread_blocked, id=8092, stack(0x000000df0d200000,0x000000df0d300000)]
  0x0000027b0a84b000 JavaThread "jar transforms Thread 598" [_thread_blocked, id=8440, stack(0x000000df0d300000,0x000000df0d400000)]
  0x0000027b0a845800 JavaThread "jar transforms Thread 599" [_thread_blocked, id=9504, stack(0x000000df0d400000,0x000000df0d500000)]
  0x0000027b0a847000 JavaThread "jar transforms Thread 600" [_thread_blocked, id=10324, stack(0x000000df0d500000,0x000000df0d600000)]
  0x0000027b0a6a7000 JavaThread "jar transforms Thread 601" [_thread_blocked, id=7792, stack(0x000000df0d600000,0x000000df0d700000)]
  0x0000027b0a6a2000 JavaThread "jar transforms Thread 602" [_thread_blocked, id=11320, stack(0x000000df0d700000,0x000000df0d800000)]
  0x0000027b0a6a6000 JavaThread "jar transforms Thread 603" [_thread_blocked, id=2240, stack(0x000000df0d800000,0x000000df0d900000)]
  0x0000027b0a6a2800 JavaThread "jar transforms Thread 604" [_thread_blocked, id=4244, stack(0x000000df0d900000,0x000000df0da00000)]
  0x0000027b0a6a7800 JavaThread "jar transforms Thread 605" [_thread_blocked, id=4332, stack(0x000000df0dc00000,0x000000df0dd00000)]
  0x0000027b0a6a5000 JavaThread "jar transforms Thread 606" [_thread_blocked, id=4744, stack(0x000000df0dd00000,0x000000df0de00000)]
  0x0000027b0a6a8800 JavaThread "jar transforms Thread 607" [_thread_blocked, id=9284, stack(0x000000df0de00000,0x000000df0df00000)]
  0x0000027b0a6a9000 JavaThread "jar transforms Thread 608" [_thread_blocked, id=896, stack(0x000000df0df00000,0x000000df0e000000)]
  0x0000027b0a6a3800 JavaThread "jar transforms Thread 609" [_thread_blocked, id=11228, stack(0x000000df0e000000,0x000000df0e100000)]
  0x0000027b0a6aa000 JavaThread "jar transforms Thread 610" [_thread_blocked, id=6584, stack(0x000000df0e100000,0x000000df0e200000)]
  0x0000027b0a6af000 JavaThread "jar transforms Thread 611" [_thread_blocked, id=3432, stack(0x000000df0e200000,0x000000df0e300000)]
  0x0000027b0a6b0000 JavaThread "jar transforms Thread 612" [_thread_blocked, id=6604, stack(0x000000df0e300000,0x000000df0e400000)]
  0x0000027b0a6ab800 JavaThread "jar transforms Thread 613" [_thread_blocked, id=11108, stack(0x000000df0e400000,0x000000df0e500000)]
  0x0000027b0a6ab000 JavaThread "jar transforms Thread 614" [_thread_blocked, id=9352, stack(0x000000df0e500000,0x000000df0e600000)]
  0x0000027b0a6ac800 JavaThread "jar transforms Thread 615" [_thread_blocked, id=3812, stack(0x000000df0e600000,0x000000df0e700000)]
  0x0000027b0a6ad800 JavaThread "jar transforms Thread 616" [_thread_blocked, id=3232, stack(0x000000df0e700000,0x000000df0e800000)]
  0x0000027b0a6ae000 JavaThread "jar transforms Thread 617" [_thread_blocked, id=4308, stack(0x000000df0e800000,0x000000df0e900000)]
  0x0000027b05284800 JavaThread "jar transforms Thread 618" [_thread_blocked, id=6940, stack(0x000000df0e900000,0x000000df0ea00000)]
  0x0000027b05280000 JavaThread "jar transforms Thread 619" [_thread_blocked, id=1808, stack(0x000000df0ea00000,0x000000df0eb00000)]
  0x0000027b05286800 JavaThread "jar transforms Thread 620" [_thread_blocked, id=1656, stack(0x000000df0eb00000,0x000000df0ec00000)]
  0x0000027b05286000 JavaThread "jar transforms Thread 621" [_thread_blocked, id=6844, stack(0x000000df0ec00000,0x000000df0ed00000)]
  0x0000027b05281000 JavaThread "jar transforms Thread 622" [_thread_blocked, id=10700, stack(0x000000df0ed00000,0x000000df0ee00000)]
  0x0000027b05282000 JavaThread "jar transforms Thread 623" [_thread_blocked, id=632, stack(0x000000df0ee00000,0x000000df0ef00000)]
  0x0000027b05282800 JavaThread "jar transforms Thread 624" [_thread_blocked, id=3372, stack(0x000000df0ef00000,0x000000df0f000000)]
  0x0000027b05289000 JavaThread "jar transforms Thread 625" [_thread_blocked, id=5892, stack(0x000000df0f000000,0x000000df0f100000)]
  0x0000027b0528a000 JavaThread "jar transforms Thread 626" [_thread_blocked, id=9264, stack(0x000000df0f100000,0x000000df0f200000)]
  0x0000027b0528b000 JavaThread "jar transforms Thread 627" [_thread_blocked, id=10796, stack(0x000000df0f200000,0x000000df0f300000)]
  0x0000027b0528b800 JavaThread "jar transforms Thread 628" [_thread_blocked, id=7372, stack(0x000000df0f300000,0x000000df0f400000)]
  0x0000027b0528c800 JavaThread "jar transforms Thread 629" [_thread_blocked, id=9260, stack(0x000000df0f400000,0x000000df0f500000)]
  0x0000027b0528d000 JavaThread "jar transforms Thread 630" [_thread_blocked, id=7984, stack(0x000000df0f500000,0x000000df0f600000)]
  0x0000027b05287800 JavaThread "jar transforms Thread 631" [_thread_blocked, id=1436, stack(0x000000df0f600000,0x000000df0f700000)]
  0x0000027b0528e000 JavaThread "jar transforms Thread 632" [_thread_blocked, id=9724, stack(0x000000df0f700000,0x000000df0f800000)]
  0x0000027b0528f000 JavaThread "jar transforms Thread 633" [_thread_blocked, id=3560, stack(0x000000df0f800000,0x000000df0f900000)]
  0x0000027b0667e000 JavaThread "jar transforms Thread 634" [_thread_blocked, id=10800, stack(0x000000df0f900000,0x000000df0fa00000)]
  0x0000027b06680000 JavaThread "jar transforms Thread 635" [_thread_blocked, id=5496, stack(0x000000df0fa00000,0x000000df0fb00000)]
  0x0000027b0667b000 JavaThread "jar transforms Thread 636" [_thread_blocked, id=10120, stack(0x000000df0fb00000,0x000000df0fc00000)]
  0x0000027b06682000 JavaThread "C2 CompilerThread1" daemon [_thread_in_native, id=1008, stack(0x000000df0fc00000,0x000000df0fd00000)]
  0x0000027b0667c800 JavaThread "jar transforms Thread 637" [_thread_blocked, id=956, stack(0x000000df0fd00000,0x000000df0fe00000)]
  0x0000027b06681800 JavaThread "jar transforms Thread 638" [_thread_blocked, id=1764, stack(0x000000df0fe00000,0x000000df0ff00000)]
  0x0000027b06683000 JavaThread "jar transforms Thread 639" [_thread_blocked, id=11220, stack(0x000000df0ff00000,0x000000df10000000)]
  0x0000027b06680800 JavaThread "jar transforms Thread 640" [_thread_blocked, id=7392, stack(0x000000df10000000,0x000000df10100000)]
  0x0000027b06684800 JavaThread "jar transforms Thread 641" [_thread_blocked, id=8212, stack(0x000000df10100000,0x000000df10200000)]
  0x0000027b06684000 JavaThread "jar transforms Thread 642" [_thread_blocked, id=11144, stack(0x000000df10200000,0x000000df10300000)]
  0x0000027b0667f000 JavaThread "jar transforms Thread 643" [_thread_blocked, id=7092, stack(0x000000df10300000,0x000000df10400000)]
  0x0000027b06689800 JavaThread "jar transforms Thread 644" [_thread_blocked, id=7808, stack(0x000000df10400000,0x000000df10500000)]
  0x0000027b06685800 JavaThread "jar transforms Thread 645" [_thread_blocked, id=5696, stack(0x000000df10500000,0x000000df10600000)]
  0x0000027b06686800 JavaThread "jar transforms Thread 646" [_thread_blocked, id=9656, stack(0x000000df10600000,0x000000df10700000)]
  0x0000027b06687000 JavaThread "jar transforms Thread 647" [_thread_blocked, id=9268, stack(0x000000df10700000,0x000000df10800000)]
  0x0000027b06689000 JavaThread "jar transforms Thread 648" [_thread_blocked, id=9988, stack(0x000000df10800000,0x000000df10900000)]
  0x0000027b0ef4f000 JavaThread "jar transforms Thread 649" [_thread_blocked, id=9824, stack(0x000000df10900000,0x000000df10a00000)]
  0x0000027b0ef4b000 JavaThread "jar transforms Thread 650" [_thread_blocked, id=11576, stack(0x000000df10a00000,0x000000df10b00000)]
  0x0000027b0ef4d800 JavaThread "jar transforms Thread 651" [_thread_blocked, id=10984, stack(0x000000df10b00000,0x000000df10c00000)]
  0x0000027b0ef50800 JavaThread "jar transforms Thread 652" [_thread_blocked, id=11272, stack(0x000000df10c00000,0x000000df10d00000)]
  0x0000027b0ef50000 JavaThread "jar transforms Thread 653" [_thread_blocked, id=2916, stack(0x000000df10d00000,0x000000df10e00000)]
  0x0000027b0ef51800 JavaThread "jar transforms Thread 654" [_thread_blocked, id=10860, stack(0x000000df10e00000,0x000000df10f00000)]
  0x0000027b0ef4e800 JavaThread "jar transforms Thread 655" [_thread_blocked, id=8824, stack(0x000000df10f00000,0x000000df11000000)]
  0x0000027b0ef4c000 JavaThread "jar transforms Thread 656" [_thread_blocked, id=10852, stack(0x000000df11000000,0x000000df11100000)]
  0x0000027b0ef52800 JavaThread "jar transforms Thread 657" [_thread_blocked, id=7956, stack(0x000000df11100000,0x000000df11200000)]
  0x0000027b0ef4c800 JavaThread "jar transforms Thread 658" [_thread_blocked, id=8292, stack(0x000000df11200000,0x000000df11300000)]
  0x0000027b0ef58000 JavaThread "jar transforms Thread 659" [_thread_blocked, id=7476, stack(0x000000df11300000,0x000000df11400000)]
  0x0000027b0ef53000 JavaThread "jar transforms Thread 660" [_thread_blocked, id=11940, stack(0x000000df11400000,0x000000df11500000)]
  0x0000027b0ef55800 JavaThread "jar transforms Thread 661" [_thread_blocked, id=11888, stack(0x000000df11500000,0x000000df11600000)]
  0x0000027b0ef54000 JavaThread "jar transforms Thread 662" [_thread_blocked, id=12092, stack(0x000000df11600000,0x000000df11700000)]
  0x0000027b0ef57000 JavaThread "jar transforms Thread 663" [_thread_blocked, id=12036, stack(0x000000df11700000,0x000000df11800000)]
  0x0000027b070a3000 JavaThread "jar transforms Thread 664" [_thread_blocked, id=8012, stack(0x000000df11800000,0x000000df11900000)]
  0x0000027b070a8000 JavaThread "jar transforms Thread 665" [_thread_blocked, id=11944, stack(0x000000df11900000,0x000000df11a00000)]
  0x0000027b070a5000 JavaThread "jar transforms Thread 666" [_thread_blocked, id=11844, stack(0x000000df11a00000,0x000000df11b00000)]
  0x0000027b070a6800 JavaThread "jar transforms Thread 667" [_thread_blocked, id=9540, stack(0x000000df11b00000,0x000000df11c00000)]
  0x0000027b070a7800 JavaThread "jar transforms Thread 668" [_thread_blocked, id=12084, stack(0x000000df11c00000,0x000000df11d00000)]
  0x0000027b070a2800 JavaThread "jar transforms Thread 669" [_thread_blocked, id=6856, stack(0x000000df11d00000,0x000000df11e00000)]
  0x0000027b070ac000 JavaThread "jar transforms Thread 670" [_thread_blocked, id=11444, stack(0x000000df11e00000,0x000000df11f00000)]
  0x0000027b070ad000 JavaThread "jar transforms Thread 671" [_thread_blocked, id=11308, stack(0x000000df11f00000,0x000000df12000000)]
  0x0000027b070a9000 JavaThread "jar transforms Thread 672" [_thread_blocked, id=10356, stack(0x000000df12000000,0x000000df12100000)]
  0x0000027b070a9800 JavaThread "jar transforms Thread 673" [_thread_blocked, id=7800, stack(0x000000df12100000,0x000000df12200000)]
  0x0000027b070aa800 JavaThread "jar transforms Thread 674" [_thread_blocked, id=9316, stack(0x000000df12200000,0x000000df12300000)]
  0x0000027b070ab800 JavaThread "jar transforms Thread 675" [_thread_blocked, id=10588, stack(0x000000df12300000,0x000000df12400000)]
  0x0000027b067ef800 JavaThread "jar transforms Thread 676" [_thread_blocked, id=11292, stack(0x000000df12400000,0x000000df12500000)]
  0x0000027b067f3800 JavaThread "jar transforms Thread 677" [_thread_blocked, id=10724, stack(0x000000df12500000,0x000000df12600000)]
  0x0000027b067f4800 JavaThread "jar transforms Thread 678" [_thread_blocked, id=6296, stack(0x000000df12600000,0x000000df12700000)]
  0x0000027b067f0000 JavaThread "jar transforms Thread 679" [_thread_blocked, id=5900, stack(0x000000df12700000,0x000000df12800000)]
  0x0000027b067ee800 JavaThread "build event listener" [_thread_blocked, id=10352, stack(0x000000df12800000,0x000000df12900000)]
  0x0000027b067f5000 JavaThread "pool-42-thread-1" [_thread_blocked, id=7620, stack(0x000000df13400000,0x000000df13500000)]
  0x0000027b067f2000 JavaThread "build event listener" [_thread_blocked, id=10732, stack(0x000000df13500000,0x000000df13600000)]
  0x0000027b067f2800 JavaThread "Execution worker for ':'" [_thread_blocked, id=8380, stack(0x000000df13600000,0x000000df13700000)]
  0x0000027b0672d000 JavaThread "Execution worker for ':' Thread 2" [_thread_blocked, id=7084, stack(0x000000df13700000,0x000000df13800000)]
  0x0000027b06728000 JavaThread "Execution worker for ':' Thread 3" [_thread_blocked, id=1824, stack(0x000000df13800000,0x000000df13900000)]
  0x0000027b0672a800 JavaThread "Cache worker for execution history cache (C:\Users\91912\AndroidStudioProjects\DemoApp_20\.gradle\6.7.1\executionHistory)" [_thread_blocked, id=11180, stack(0x000000df13900000,0x000000df13a00000)]

Other Threads:
  0x0000027b7e9fd000 VMThread "VM Thread" [stack: 0x000000df0a300000,0x000000df0a400000] [id=8796]
  0x0000027b7f3df000 WatcherThread [stack: 0x000000df0ad00000,0x000000df0ae00000] [id=7696]
  0x0000027b67011800 GCTaskThread "GC Thread#0" [stack: 0x000000df09e00000,0x000000df09f00000] [id=7680]
  0x0000027b7f7c0800 GCTaskThread "GC Thread#1" [stack: 0x000000df0af00000,0x000000df0b000000] [id=10208]
  0x0000027b040e3800 GCTaskThread "GC Thread#2" [stack: 0x000000df0b000000,0x000000df0b100000] [id=1852]
  0x0000027b040e4000 GCTaskThread "GC Thread#3" [stack: 0x000000df0b100000,0x000000df0b200000] [id=2256]
  0x0000027b67042000 ConcurrentGCThread "G1 Main Marker" [stack: 0x000000df09f00000,0x000000df0a000000] [id=1028]
  0x0000027b67045800 ConcurrentGCThread "G1 Conc#0" [stack: 0x000000df0a000000,0x000000df0a100000] [id=4928]
  0x0000027b7e84e800 ConcurrentGCThread "G1 Refine#0" [stack: 0x000000df0a100000,0x000000df0a200000] [id=6896]
  0x0000027b7e84f000 ConcurrentGCThread "G1 Young RemSet Sampling" [stack: 0x000000df0a200000,0x000000df0a300000] [id=1820]

Threads with active compile tasks:
C2 CompilerThread06338773 19824       4       org.gradle.api.internal.artifacts.transform.DefaultTransformerInvocationFactory$ImmutableTransformationWorkspaceIdentity::getIdentity (54 bytes)
C2 CompilerThread16338773 19809       4       org.gradle.api.internal.artifacts.transform.ImmutableTransformationWorkspaceProvider::lambda$withWorkspace$0 (66 bytes)

VM state:not at safepoint (normal execution)

VM Mutex/Monitor currently owned by a thread: None

Heap address: 0x0000000080000000, size: 2048 MB, Compressed Oops mode: 32-bit
Narrow klass base: 0x0000000000000000, Narrow klass shift: 3
Compressed class space size: 1073741824 Address: 0x0000000100000000

Heap:
 garbage-first heap   total 236544K, used 140294K [0x0000000080000000, 0x0000000100000000)
  region size 1024K, 58 young (59392K), 2 survivors (2048K)
 Metaspace       used 112232K, capacity 115186K, committed 115452K, reserved 1150976K
  class space    used 13659K, capacity 14708K, committed 14720K, reserved 1048576K
Heap Regions: E=young(eden), S=young(survivor), O=old, HS=humongous(starts), HC=humongous(continues), CS=collection set, F=free, A=archive, TAMS=top-at-mark-start (previous, next)
|   0|0x0000000080000000, 0x0000000080100000, 0x0000000080100000|100%| O|  |TAMS 0x0000000080100000, 0x0000000080000000| Untracked 
|   1|0x0000000080100000, 0x0000000080200000, 0x0000000080200000|100%| O|  |TAMS 0x0000000080200000, 0x0000000080100000| Untracked 
|   2|0x0000000080200000, 0x0000000080300000, 0x0000000080300000|100%| O|  |TAMS 0x0000000080300000, 0x0000000080200000| Untracked 
|   3|0x0000000080300000, 0x0000000080400000, 0x0000000080400000|100%|HS|  |TAMS 0x0000000080400000, 0x0000000080300000| Complete 
|   4|0x0000000080400000, 0x0000000080500000, 0x0000000080500000|100%|HC|  |TAMS 0x0000000080500000, 0x0000000080400000| Complete 
|   5|0x0000000080500000, 0x0000000080600000, 0x0000000080600000|100%|HC|  |TAMS 0x0000000080600000, 0x0000000080500000| Complete 
|   6|0x0000000080600000, 0x0000000080700000, 0x0000000080700000|100%| O|  |TAMS 0x0000000080700000, 0x0000000080600000| Untracked 
|   7|0x0000000080700000, 0x0000000080800000, 0x0000000080800000|100%| O|  |TAMS 0x0000000080800000, 0x0000000080700000| Untracked 
|   8|0x0000000080800000, 0x0000000080900000, 0x0000000080900000|100%| O|  |TAMS 0x0000000080900000, 0x0000000080800000| Untracked 
|   9|0x0000000080900000, 0x0000000080a00000, 0x0000000080a00000|100%| O|  |TAMS 0x0000000080a00000, 0x0000000080900000| Untracked 
|  10|0x0000000080a00000, 0x0000000080b00000, 0x0000000080b00000|100%| O|  |TAMS 0x0000000080b00000, 0x0000000080a00000| Untracked 
|  11|0x0000000080b00000, 0x0000000080c00000, 0x0000000080c00000|100%| O|  |TAMS 0x0000000080c00000, 0x0000000080b00000| Untracked 
|  12|0x0000000080c00000, 0x0000000080d00000, 0x0000000080d00000|100%| O|  |TAMS 0x0000000080d00000, 0x0000000080c00000| Untracked 
|  13|0x0000000080d00000, 0x0000000080e00000, 0x0000000080e00000|100%|HS|  |TAMS 0x0000000080e00000, 0x0000000080d00000| Complete 
|  14|0x0000000080e00000, 0x0000000080f00000, 0x0000000080f00000|100%|HC|  |TAMS 0x0000000080f00000, 0x0000000080e00000| Complete 
|  15|0x0000000080f00000, 0x0000000081000000, 0x0000000081000000|100%|HS|  |TAMS 0x0000000081000000, 0x0000000080f00000| Complete 
|  16|0x0000000081000000, 0x0000000081100000, 0x0000000081100000|100%|HC|  |TAMS 0x0000000081100000, 0x0000000081000000| Complete 
|  17|0x0000000081100000, 0x0000000081200000, 0x0000000081200000|100%|HC|  |TAMS 0x0000000081200000, 0x0000000081100000| Complete 
|  18|0x0000000081200000, 0x0000000081300000, 0x0000000081300000|100%|HS|  |TAMS 0x0000000081300000, 0x0000000081200000| Complete 
|  19|0x0000000081300000, 0x0000000081400000, 0x0000000081400000|100%|HC|  |TAMS 0x0000000081400000, 0x0000000081300000| Complete 
|  20|0x0000000081400000, 0x0000000081500000, 0x0000000081500000|100%|HC|  |TAMS 0x0000000081500000, 0x0000000081400000| Complete 
|  21|0x0000000081500000, 0x0000000081600000, 0x0000000081600000|100%|HC|  |TAMS 0x0000000081600000, 0x0000000081500000| Complete 
|  22|0x0000000081600000, 0x0000000081700000, 0x0000000081700000|100%| O|  |TAMS 0x0000000081700000, 0x0000000081600000| Untracked 
|  23|0x0000000081700000, 0x0000000081800000, 0x0000000081800000|100%| O|  |TAMS 0x0000000081800000, 0x0000000081700000| Untracked 
|  24|0x0000000081800000, 0x0000000081900000, 0x0000000081900000|100%| O|  |TAMS 0x0000000081900000, 0x0000000081800000| Untracked 
|  25|0x0000000081900000, 0x0000000081a00000, 0x0000000081a00000|100%| O|  |TAMS 0x0000000081a00000, 0x0000000081900000| Untracked 
|  26|0x0000000081a00000, 0x0000000081b00000, 0x0000000081b00000|100%| O|  |TAMS 0x0000000081b00000, 0x0000000081a00000| Untracked 
|  27|0x0000000081b00000, 0x0000000081c00000, 0x0000000081c00000|100%| O|  |TAMS 0x0000000081c00000, 0x0000000081b00000| Untracked 
|  28|0x0000000081c00000, 0x0000000081d00000, 0x0000000081d00000|100%| O|  |TAMS 0x0000000081d00000, 0x0000000081c00000| Untracked 
|  29|0x0000000081d00000, 0x0000000081e00000, 0x0000000081e00000|100%| O|  |TAMS 0x0000000081e00000, 0x0000000081d00000| Untracked 
|  30|0x0000000081e00000, 0x0000000081f00000, 0x0000000081f00000|100%| O|  |TAMS 0x0000000081f00000, 0x0000000081e00000| Untracked 
|  31|0x0000000081f00000, 0x0000000082000000, 0x0000000082000000|100%| O|  |TAMS 0x0000000082000000, 0x0000000081f00000| Untracked 
|  32|0x0000000082000000, 0x0000000082100000, 0x0000000082100000|100%| O|  |TAMS 0x0000000082000000, 0x0000000082000000| Untracked 
|  33|0x0000000082100000, 0x0000000082200000, 0x0000000082200000|100%| O|  |TAMS 0x0000000082200000, 0x0000000082100000| Untracked 
|  34|0x0000000082200000, 0x0000000082300000, 0x0000000082300000|100%| O|  |TAMS 0x0000000082300000, 0x0000000082200000| Untracked 
|  35|0x0000000082300000, 0x0000000082400000, 0x0000000082400000|100%| O|  |TAMS 0x0000000082400000, 0x0000000082300000| Untracked 
|  36|0x0000000082400000, 0x0000000082500000, 0x0000000082500000|100%| O|  |TAMS 0x0000000082500000, 0x0000000082400000| Untracked 
|  37|0x0000000082500000, 0x0000000082600000, 0x0000000082600000|100%| O|  |TAMS 0x0000000082600000, 0x0000000082500000| Untracked 
|  38|0x0000000082600000, 0x0000000082700000, 0x0000000082700000|100%| O|  |TAMS 0x0000000082700000, 0x0000000082600000| Untracked 
|  39|0x0000000082700000, 0x0000000082800000, 0x0000000082800000|100%| O|  |TAMS 0x0000000082800000, 0x0000000082700000| Untracked 
|  40|0x0000000082800000, 0x0000000082900000, 0x0000000082900000|100%| O|  |TAMS 0x0000000082900000, 0x0000000082800000| Untracked 
|  41|0x0000000082900000, 0x0000000082a00000, 0x0000000082a00000|100%| O|  |TAMS 0x0000000082a00000, 0x0000000082900000| Untracked 
|  42|0x0000000082a00000, 0x0000000082b00000, 0x0000000082b00000|100%| O|  |TAMS 0x0000000082b00000, 0x0000000082a00000| Untracked 
|  43|0x0000000082b00000, 0x0000000082b00000, 0x0000000082c00000|  0%| F|  |TAMS 0x0000000082b00000, 0x0000000082b00000| Untracked 
|  44|0x0000000082c00000, 0x0000000082d00000, 0x0000000082d00000|100%| O|  |TAMS 0x0000000082d00000, 0x0000000082c00000| Untracked 
|  45|0x0000000082d00000, 0x0000000082e00000, 0x0000000082e00000|100%| O|  |TAMS 0x0000000082e00000, 0x0000000082d00000| Untracked 
|  46|0x0000000082e00000, 0x0000000082f00000, 0x0000000082f00000|100%| O|  |TAMS 0x0000000082f00000, 0x0000000082e00000| Untracked 
|  47|0x0000000082f00000, 0x0000000083000000, 0x0000000083000000|100%| O|  |TAMS 0x0000000083000000, 0x0000000082f00000| Untracked 
|  48|0x0000000083000000, 0x0000000083100000, 0x0000000083100000|100%|HS|  |TAMS 0x0000000083100000, 0x0000000083000000| Complete 
|  49|0x0000000083100000, 0x0000000083200000, 0x0000000083200000|100%|HS|  |TAMS 0x0000000083200000, 0x0000000083100000| Complete 
|  50|0x0000000083200000, 0x0000000083300000, 0x0000000083300000|100%|HC|  |TAMS 0x0000000083300000, 0x0000000083200000| Complete 
|  51|0x0000000083300000, 0x000000008337c200, 0x0000000083400000| 48%| O|  |TAMS 0x0000000083300000, 0x0000000083300000| Untracked 
|  52|0x0000000083400000, 0x0000000083500000, 0x0000000083500000|100%| O|  |TAMS 0x0000000083500000, 0x0000000083400000| Untracked 
|  53|0x0000000083500000, 0x0000000083600000, 0x0000000083600000|100%| O|  |TAMS 0x0000000083600000, 0x0000000083500000| Untracked 
|  54|0x0000000083600000, 0x0000000083700000, 0x0000000083700000|100%| O|  |TAMS 0x0000000083700000, 0x0000000083600000| Untracked 
|  55|0x0000000083700000, 0x0000000083800000, 0x0000000083800000|100%| O|  |TAMS 0x0000000083800000, 0x0000000083700000| Untracked 
|  56|0x0000000083800000, 0x0000000083900000, 0x0000000083900000|100%| O|  |TAMS 0x0000000083900000, 0x0000000083800000| Untracked 
|  57|0x0000000083900000, 0x0000000083900000, 0x0000000083a00000|  0%| F|  |TAMS 0x0000000083900000, 0x0000000083900000| Untracked 
|  58|0x0000000083a00000, 0x0000000083a00000, 0x0000000083b00000|  0%| F|  |TAMS 0x0000000083a00000, 0x0000000083a00000| Untracked 
|  59|0x0000000083b00000, 0x0000000083b00000, 0x0000000083c00000|  0%| F|  |TAMS 0x0000000083b00000, 0x0000000083b00000| Untracked 
|  60|0x0000000083c00000, 0x0000000083d00000, 0x0000000083d00000|100%| O|  |TAMS 0x0000000083d00000, 0x0000000083c00000| Untracked 
|  61|0x0000000083d00000, 0x0000000083e00000, 0x0000000083e00000|100%| O|  |TAMS 0x0000000083e00000, 0x0000000083d00000| Untracked 
|  62|0x0000000083e00000, 0x0000000083f00000, 0x0000000083f00000|100%| O|  |TAMS 0x0000000083f00000, 0x0000000083e00000| Untracked 
|  63|0x0000000083f00000, 0x0000000084000000, 0x0000000084000000|100%| O|  |TAMS 0x0000000084000000, 0x0000000083f00000| Untracked 
|  64|0x0000000084000000, 0x0000000084100000, 0x0000000084100000|100%| O|  |TAMS 0x0000000084100000, 0x0000000084000000| Untracked 
|  65|0x0000000084100000, 0x0000000084200000, 0x0000000084200000|100%| O|  |TAMS 0x0000000084200000, 0x0000000084100000| Untracked 
|  66|0x0000000084200000, 0x0000000084300000, 0x0000000084300000|100%| O|  |TAMS 0x0000000084300000, 0x0000000084200000| Untracked 
|  67|0x0000000084300000, 0x0000000084400000, 0x0000000084400000|100%| O|  |TAMS 0x0000000084400000, 0x0000000084300000| Untracked 
|  68|0x0000000084400000, 0x0000000084500000, 0x0000000084500000|100%| O|  |TAMS 0x0000000084500000, 0x0000000084400000| Untracked 
|  69|0x0000000084500000, 0x0000000084600000, 0x0000000084600000|100%| O|  |TAMS 0x0000000084600000, 0x0000000084500000| Untracked 
|  70|0x0000000084600000, 0x0000000084600000, 0x0000000084700000|  0%| F|  |TAMS 0x0000000084600000, 0x0000000084600000| Untracked 
|  71|0x0000000084700000, 0x0000000084700000, 0x0000000084800000|  0%| F|  |TAMS 0x0000000084700000, 0x0000000084700000| Untracked 
|  72|0x0000000084800000, 0x0000000084800000, 0x0000000084900000|  0%| F|  |TAMS 0x0000000084800000, 0x0000000084800000| Untracked 
|  73|0x0000000084900000, 0x0000000084a00000, 0x0000000084a00000|100%| O|  |TAMS 0x0000000084a00000, 0x0000000084900000| Untracked 
|  74|0x0000000084a00000, 0x0000000084b00000, 0x0000000084b00000|100%| O|  |TAMS 0x0000000084b00000, 0x0000000084a00000| Untracked 
|  75|0x0000000084b00000, 0x0000000084b00000, 0x0000000084c00000|  0%| F|  |TAMS 0x0000000084b00000, 0x0000000084b00000| Untracked 
|  76|0x0000000084c00000, 0x0000000084d00000, 0x0000000084d00000|100%| O|  |TAMS 0x0000000084d00000, 0x0000000084c00000| Untracked 
|  77|0x0000000084d00000, 0x0000000084d00000, 0x0000000084e00000|  0%| F|  |TAMS 0x0000000084d00000, 0x0000000084d00000| Untracked 
|  78|0x0000000084e00000, 0x0000000084f00000, 0x0000000084f00000|100%| O|  |TAMS 0x0000000084ed4400, 0x0000000084e00000| Untracked 
|  79|0x0000000084f00000, 0x0000000084f00000, 0x0000000085000000|  0%| F|  |TAMS 0x0000000084f00000, 0x0000000084f00000| Untracked 
|  80|0x0000000085000000, 0x0000000085100000, 0x0000000085100000|100%| O|  |TAMS 0x0000000085100000, 0x0000000085000000| Untracked 
|  81|0x0000000085100000, 0x0000000085100000, 0x0000000085200000|  0%| F|  |TAMS 0x0000000085100000, 0x0000000085100000| Untracked 
|  82|0x0000000085200000, 0x0000000085300000, 0x0000000085300000|100%| O|  |TAMS 0x0000000085300000, 0x0000000085200000| Untracked 
|  83|0x0000000085300000, 0x0000000085400000, 0x0000000085400000|100%| O|  |TAMS 0x0000000085400000, 0x0000000085300000| Untracked 
|  84|0x0000000085400000, 0x0000000085400000, 0x0000000085500000|  0%| F|  |TAMS 0x0000000085400000, 0x0000000085400000| Untracked 
|  85|0x0000000085500000, 0x0000000085500000, 0x0000000085600000|  0%| F|  |TAMS 0x0000000085500000, 0x0000000085500000| Untracked 
|  86|0x0000000085600000, 0x0000000085600000, 0x0000000085700000|  0%| F|  |TAMS 0x0000000085600000, 0x0000000085600000| Untracked 
|  87|0x0000000085700000, 0x0000000085700000, 0x0000000085800000|  0%| F|  |TAMS 0x0000000085700000, 0x0000000085700000| Untracked 
|  88|0x0000000085800000, 0x0000000085800000, 0x0000000085900000|  0%| F|  |TAMS 0x0000000085800000, 0x0000000085800000| Untracked 
|  89|0x0000000085900000, 0x0000000085900000, 0x0000000085a00000|  0%| F|  |TAMS 0x0000000085900000, 0x0000000085900000| Untracked 
|  90|0x0000000085a00000, 0x0000000085a00000, 0x0000000085b00000|  0%| F|  |TAMS 0x0000000085a00000, 0x0000000085a00000| Untracked 
|  91|0x0000000085b00000, 0x0000000085b00000, 0x0000000085c00000|  0%| F|  |TAMS 0x0000000085b00000, 0x0000000085b00000| Untracked 
|  92|0x0000000085c00000, 0x0000000085d00000, 0x0000000085d00000|100%| O|  |TAMS 0x0000000085d00000, 0x0000000085c00000| Untracked 
|  93|0x0000000085d00000, 0x0000000085e00000, 0x0000000085e00000|100%| O|  |TAMS 0x0000000085e00000, 0x0000000085d00000| Untracked 
|  94|0x0000000085e00000, 0x0000000085f00000, 0x0000000085f00000|100%| O|  |TAMS 0x0000000085f00000, 0x0000000085e00000| Untracked 
|  95|0x0000000085f00000, 0x0000000085f00000, 0x0000000086000000|  0%| F|  |TAMS 0x0000000085f00000, 0x0000000085f00000| Untracked 
|  96|0x0000000086000000, 0x0000000086000000, 0x0000000086100000|  0%| F|  |TAMS 0x0000000086000000, 0x0000000086000000| Untracked 
|  97|0x0000000086100000, 0x0000000086100000, 0x0000000086200000|  0%| F|  |TAMS 0x0000000086100000, 0x0000000086100000| Untracked 
|  98|0x0000000086200000, 0x0000000086200000, 0x0000000086300000|  0%| F|  |TAMS 0x0000000086200000, 0x0000000086200000| Untracked 
|  99|0x0000000086300000, 0x0000000086400000, 0x0000000086400000|100%| O|  |TAMS 0x0000000086400000, 0x0000000086300000| Untracked 
| 100|0x0000000086400000, 0x0000000086400000, 0x0000000086500000|  0%| F|  |TAMS 0x0000000086400000, 0x0000000086400000| Untracked 
| 101|0x0000000086500000, 0x0000000086600000, 0x0000000086600000|100%| O|  |TAMS 0x0000000086600000, 0x0000000086500000| Untracked 
| 102|0x0000000086600000, 0x0000000086700000, 0x0000000086700000|100%| O|  |TAMS 0x0000000086700000, 0x0000000086600000| Untracked 
| 103|0x0000000086700000, 0x0000000086700000, 0x0000000086800000|  0%| F|  |TAMS 0x0000000086700000, 0x0000000086700000| Untracked 
| 104|0x0000000086800000, 0x0000000086800000, 0x0000000086900000|  0%| F|  |TAMS 0x0000000086800000, 0x0000000086800000| Untracked 
| 105|0x0000000086900000, 0x0000000086900000, 0x0000000086a00000|  0%| F|  |TAMS 0x0000000086900000, 0x0000000086900000| Untracked 
| 106|0x0000000086a00000, 0x0000000086a00000, 0x0000000086b00000|  0%| F|  |TAMS 0x0000000086a00000, 0x0000000086a00000| Untracked 
| 107|0x0000000086b00000, 0x0000000086b00000, 0x0000000086c00000|  0%| F|  |TAMS 0x0000000086b00000, 0x0000000086b00000| Untracked 
| 108|0x0000000086c00000, 0x0000000086c00000, 0x0000000086d00000|  0%| F|  |TAMS 0x0000000086c00000, 0x0000000086c00000| Untracked 
| 109|0x0000000086d00000, 0x0000000086e00000, 0x0000000086e00000|100%| O|  |TAMS 0x0000000086e00000, 0x0000000086d00000| Untracked 
| 110|0x0000000086e00000, 0x0000000086f00000, 0x0000000086f00000|100%| O|  |TAMS 0x0000000086f00000, 0x0000000086e00000| Untracked 
| 111|0x0000000086f00000, 0x0000000087000000, 0x0000000087000000|100%| O|  |TAMS 0x0000000087000000, 0x0000000086f00000| Untracked 
| 112|0x0000000087000000, 0x0000000087000000, 0x0000000087100000|  0%| F|  |TAMS 0x0000000087000000, 0x0000000087000000| Untracked 
| 113|0x0000000087100000, 0x0000000087100000, 0x0000000087200000|  0%| F|  |TAMS 0x0000000087100000, 0x0000000087100000| Untracked 
| 114|0x0000000087200000, 0x0000000087200000, 0x0000000087300000|  0%| F|  |TAMS 0x0000000087200000, 0x0000000087200000| Untracked 
| 115|0x0000000087300000, 0x0000000087300000, 0x0000000087400000|  0%| F|  |TAMS 0x0000000087300000, 0x0000000087300000| Untracked 
| 116|0x0000000087400000, 0x0000000087400000, 0x0000000087500000|  0%| F|  |TAMS 0x0000000087400000, 0x0000000087400000| Untracked 
| 117|0x0000000087500000, 0x0000000087500000, 0x0000000087600000|  0%| F|  |TAMS 0x0000000087500000, 0x0000000087500000| Untracked 
| 118|0x0000000087600000, 0x0000000087600000, 0x0000000087700000|  0%| F|  |TAMS 0x0000000087600000, 0x0000000087600000| Untracked 
| 119|0x0000000087700000, 0x0000000087700000, 0x0000000087800000|  0%| F|  |TAMS 0x0000000087700000, 0x0000000087700000| Untracked 
| 120|0x0000000087800000, 0x0000000087800000, 0x0000000087900000|  0%| F|  |TAMS 0x0000000087800000, 0x0000000087800000| Untracked 
| 121|0x0000000087900000, 0x0000000087900000, 0x0000000087a00000|  0%| F|  |TAMS 0x0000000087900000, 0x0000000087900000| Untracked 
| 122|0x0000000087a00000, 0x0000000087a00000, 0x0000000087b00000|  0%| F|  |TAMS 0x0000000087a00000, 0x0000000087a00000| Untracked 
| 123|0x0000000087b00000, 0x0000000087b00000, 0x0000000087c00000|  0%| F|  |TAMS 0x0000000087b00000, 0x0000000087b00000| Untracked 
| 124|0x0000000087c00000, 0x0000000087c00000, 0x0000000087d00000|  0%| F|  |TAMS 0x0000000087c00000, 0x0000000087c00000| Untracked 
| 125|0x0000000087d00000, 0x0000000087d00000, 0x0000000087e00000|  0%| F|  |TAMS 0x0000000087d00000, 0x0000000087d00000| Untracked 
| 126|0x0000000087e00000, 0x0000000087e00000, 0x0000000087f00000|  0%| F|  |TAMS 0x0000000087e00000, 0x0000000087e00000| Untracked 
| 127|0x0000000087f00000, 0x0000000087f00000, 0x0000000088000000|  0%| F|  |TAMS 0x0000000087f00000, 0x0000000087f00000| Untracked 
| 128|0x0000000088000000, 0x0000000088000000, 0x0000000088100000|  0%| F|  |TAMS 0x0000000088000000, 0x0000000088000000| Untracked 
| 129|0x0000000088100000, 0x0000000088100000, 0x0000000088200000|  0%| F|  |TAMS 0x0000000088100000, 0x0000000088100000| Untracked 
| 130|0x0000000088200000, 0x0000000088200000, 0x0000000088300000|  0%| F|  |TAMS 0x0000000088200000, 0x0000000088200000| Untracked 
| 131|0x0000000088300000, 0x0000000088300000, 0x0000000088400000|  0%| F|  |TAMS 0x0000000088300000, 0x0000000088300000| Untracked 
| 132|0x0000000088400000, 0x0000000088400000, 0x0000000088500000|  0%| F|  |TAMS 0x0000000088400000, 0x0000000088400000| Untracked 
| 133|0x0000000088500000, 0x0000000088500000, 0x0000000088600000|  0%| F|  |TAMS 0x0000000088500000, 0x0000000088500000| Untracked 
| 134|0x0000000088600000, 0x0000000088600000, 0x0000000088700000|  0%| F|  |TAMS 0x0000000088600000, 0x0000000088600000| Untracked 
| 135|0x0000000088700000, 0x0000000088700000, 0x0000000088800000|  0%| F|  |TAMS 0x0000000088700000, 0x0000000088700000| Untracked 
| 136|0x0000000088800000, 0x0000000088800000, 0x0000000088900000|  0%| F|  |TAMS 0x0000000088800000, 0x0000000088800000| Untracked 
| 137|0x0000000088900000, 0x0000000088900000, 0x0000000088a00000|  0%| F|  |TAMS 0x0000000088900000, 0x0000000088900000| Untracked 
| 138|0x0000000088a00000, 0x0000000088a00000, 0x0000000088b00000|  0%| F|  |TAMS 0x0000000088a00000, 0x0000000088a00000| Untracked 
| 139|0x0000000088b00000, 0x0000000088b00000, 0x0000000088c00000|  0%| F|  |TAMS 0x0000000088b00000, 0x0000000088b00000| Untracked 
| 140|0x0000000088c00000, 0x0000000088c00000, 0x0000000088d00000|  0%| F|  |TAMS 0x0000000088c00000, 0x0000000088c00000| Untracked 
| 141|0x0000000088d00000, 0x0000000088d00000, 0x0000000088e00000|  0%| F|  |TAMS 0x0000000088d00000, 0x0000000088d00000| Untracked 
| 142|0x0000000088e00000, 0x0000000088e00000, 0x0000000088f00000|  0%| F|  |TAMS 0x0000000088e00000, 0x0000000088e00000| Untracked 
| 143|0x0000000088f00000, 0x0000000088f00000, 0x0000000089000000|  0%| F|  |TAMS 0x0000000088f00000, 0x0000000088f00000| Untracked 
| 144|0x0000000089000000, 0x0000000089000000, 0x0000000089100000|  0%| F|  |TAMS 0x0000000089000000, 0x0000000089000000| Untracked 
| 145|0x0000000089100000, 0x0000000089100000, 0x0000000089200000|  0%| F|  |TAMS 0x0000000089100000, 0x0000000089100000| Untracked 
| 146|0x0000000089200000, 0x0000000089200000, 0x0000000089300000|  0%| F|  |TAMS 0x0000000089200000, 0x0000000089200000| Untracked 
| 147|0x0000000089300000, 0x0000000089300000, 0x0000000089400000|  0%| F|  |TAMS 0x0000000089300000, 0x0000000089300000| Untracked 
| 148|0x0000000089400000, 0x0000000089400000, 0x0000000089500000|  0%| F|  |TAMS 0x0000000089400000, 0x0000000089400000| Untracked 
| 149|0x0000000089500000, 0x0000000089500000, 0x0000000089600000|  0%| F|  |TAMS 0x0000000089500000, 0x0000000089500000| Untracked 
| 150|0x0000000089600000, 0x0000000089600000, 0x0000000089700000|  0%| F|  |TAMS 0x0000000089600000, 0x0000000089600000| Untracked 
| 151|0x0000000089700000, 0x0000000089700000, 0x0000000089800000|  0%| F|  |TAMS 0x0000000089700000, 0x0000000089700000| Untracked 
| 152|0x0000000089800000, 0x0000000089800000, 0x0000000089900000|  0%| F|  |TAMS 0x0000000089800000, 0x0000000089800000| Untracked 
| 153|0x0000000089900000, 0x0000000089900000, 0x0000000089a00000|  0%| F|  |TAMS 0x0000000089900000, 0x0000000089900000| Untracked 
| 154|0x0000000089a00000, 0x0000000089a00000, 0x0000000089b00000|  0%| F|  |TAMS 0x0000000089a00000, 0x0000000089a00000| Untracked 
| 155|0x0000000089b00000, 0x0000000089b00000, 0x0000000089c00000|  0%| F|  |TAMS 0x0000000089b00000, 0x0000000089b00000| Untracked 
| 156|0x0000000089c00000, 0x0000000089c00000, 0x0000000089d00000|  0%| F|  |TAMS 0x0000000089c00000, 0x0000000089c00000| Untracked 
| 157|0x0000000089d00000, 0x0000000089d00000, 0x0000000089e00000|  0%| F|  |TAMS 0x0000000089d00000, 0x0000000089d00000| Untracked 
| 158|0x0000000089e00000, 0x0000000089e00000, 0x0000000089f00000|  0%| F|  |TAMS 0x0000000089e00000, 0x0000000089e00000| Untracked 
| 159|0x0000000089f00000, 0x0000000089f00000, 0x000000008a000000|  0%| F|  |TAMS 0x0000000089f00000, 0x0000000089f00000| Untracked 
| 160|0x000000008a000000, 0x000000008a000000, 0x000000008a100000|  0%| F|  |TAMS 0x000000008a000000, 0x000000008a000000| Untracked 
| 161|0x000000008a100000, 0x000000008a100000, 0x000000008a200000|  0%| F|  |TAMS 0x000000008a100000, 0x000000008a100000| Untracked 
| 162|0x000000008a200000, 0x000000008a200000, 0x000000008a300000|  0%| F|  |TAMS 0x000000008a200000, 0x000000008a200000| Untracked 
| 163|0x000000008a300000, 0x000000008a300000, 0x000000008a400000|  0%| F|  |TAMS 0x000000008a300000, 0x000000008a300000| Untracked 
| 164|0x000000008a400000, 0x000000008a400000, 0x000000008a500000|  0%| F|  |TAMS 0x000000008a400000, 0x000000008a400000| Untracked 
| 165|0x000000008a500000, 0x000000008a500000, 0x000000008a600000|  0%| F|  |TAMS 0x000000008a500000, 0x000000008a500000| Untracked 
| 166|0x000000008a600000, 0x000000008a600000, 0x000000008a700000|  0%| F|  |TAMS 0x000000008a600000, 0x000000008a600000| Untracked 
| 167|0x000000008a700000, 0x000000008a700000, 0x000000008a800000|  0%| F|  |TAMS 0x000000008a700000, 0x000000008a700000| Untracked 
| 168|0x000000008a800000, 0x000000008a800000, 0x000000008a900000|  0%| F|  |TAMS 0x000000008a800000, 0x000000008a800000| Untracked 
| 169|0x000000008a900000, 0x000000008a900000, 0x000000008aa00000|  0%| F|  |TAMS 0x000000008a900000, 0x000000008a900000| Untracked 
| 170|0x000000008aa00000, 0x000000008aa00000, 0x000000008ab00000|  0%| F|  |TAMS 0x000000008aa00000, 0x000000008aa00000| Untracked 
| 171|0x000000008ab00000, 0x000000008ab00000, 0x000000008ac00000|  0%| F|  |TAMS 0x000000008ab00000, 0x000000008ab00000| Untracked 
| 172|0x000000008ac00000, 0x000000008ac00000, 0x000000008ad00000|  0%| F|  |TAMS 0x000000008ac00000, 0x000000008ac00000| Untracked 
| 173|0x000000008ad00000, 0x000000008ad72718, 0x000000008ae00000| 44%| E|  |TAMS 0x000000008ad00000, 0x000000008ad00000| Complete 
| 174|0x000000008ae00000, 0x000000008af00000, 0x000000008af00000|100%| E|CS|TAMS 0x000000008ae00000, 0x000000008ae00000| Complete 
| 175|0x000000008af00000, 0x000000008b000000, 0x000000008b000000|100%| E|CS|TAMS 0x000000008af00000, 0x000000008af00000| Complete 
| 176|0x000000008b000000, 0x000000008b100000, 0x000000008b100000|100%| E|CS|TAMS 0x000000008b000000, 0x000000008b000000| Complete 
| 177|0x000000008b100000, 0x000000008b200000, 0x000000008b200000|100%| E|CS|TAMS 0x000000008b100000, 0x000000008b100000| Complete 
| 178|0x000000008b200000, 0x000000008b300000, 0x000000008b300000|100%| E|CS|TAMS 0x000000008b200000, 0x000000008b200000| Complete 
| 179|0x000000008b300000, 0x000000008b400000, 0x000000008b400000|100%| E|CS|TAMS 0x000000008b300000, 0x000000008b300000| Complete 
| 180|0x000000008b400000, 0x000000008b500000, 0x000000008b500000|100%| E|CS|TAMS 0x000000008b400000, 0x000000008b400000| Complete 
| 181|0x000000008b500000, 0x000000008b600000, 0x000000008b600000|100%| E|CS|TAMS 0x000000008b500000, 0x000000008b500000| Complete 
| 182|0x000000008b600000, 0x000000008b700000, 0x000000008b700000|100%| E|CS|TAMS 0x000000008b600000, 0x000000008b600000| Complete 
| 183|0x000000008b700000, 0x000000008b800000, 0x000000008b800000|100%| E|CS|TAMS 0x000000008b700000, 0x000000008b700000| Complete 
| 184|0x000000008b800000, 0x000000008b900000, 0x000000008b900000|100%| E|CS|TAMS 0x000000008b800000, 0x000000008b800000| Complete 
| 185|0x000000008b900000, 0x000000008ba00000, 0x000000008ba00000|100%| E|CS|TAMS 0x000000008b900000, 0x000000008b900000| Complete 
| 186|0x000000008ba00000, 0x000000008bb00000, 0x000000008bb00000|100%| E|CS|TAMS 0x000000008ba00000, 0x000000008ba00000| Complete 
| 187|0x000000008bb00000, 0x000000008bc00000, 0x000000008bc00000|100%| E|CS|TAMS 0x000000008bb00000, 0x000000008bb00000| Complete 
| 188|0x000000008bc00000, 0x000000008bd00000, 0x000000008bd00000|100%| E|CS|TAMS 0x000000008bc00000, 0x000000008bc00000| Complete 
| 189|0x000000008bd00000, 0x000000008be00000, 0x000000008be00000|100%| E|CS|TAMS 0x000000008bd00000, 0x000000008bd00000| Complete 
| 190|0x000000008be00000, 0x000000008bf00000, 0x000000008bf00000|100%| E|CS|TAMS 0x000000008be00000, 0x000000008be00000| Complete 
| 191|0x000000008bf00000, 0x000000008c000000, 0x000000008c000000|100%| E|CS|TAMS 0x000000008bf00000, 0x000000008bf00000| Complete 
| 192|0x000000008c000000, 0x000000008c100000, 0x000000008c100000|100%| E|CS|TAMS 0x000000008c000000, 0x000000008c000000| Complete 
| 193|0x000000008c100000, 0x000000008c200000, 0x000000008c200000|100%| E|CS|TAMS 0x000000008c100000, 0x000000008c100000| Complete 
| 194|0x000000008c200000, 0x000000008c300000, 0x000000008c300000|100%| E|CS|TAMS 0x000000008c200000, 0x000000008c200000| Complete 
| 195|0x000000008c300000, 0x000000008c400000, 0x000000008c400000|100%| E|CS|TAMS 0x000000008c300000, 0x000000008c300000| Complete 
| 196|0x000000008c400000, 0x000000008c500000, 0x000000008c500000|100%| E|CS|TAMS 0x000000008c400000, 0x000000008c400000| Complete 
| 197|0x000000008c500000, 0x000000008c600000, 0x000000008c600000|100%| E|CS|TAMS 0x000000008c500000, 0x000000008c500000| Complete 
| 198|0x000000008c600000, 0x000000008c700000, 0x000000008c700000|100%| E|  |TAMS 0x000000008c600000, 0x000000008c600000| Complete 
| 199|0x000000008c700000, 0x000000008c800000, 0x000000008c800000|100%| E|CS|TAMS 0x000000008c700000, 0x000000008c700000| Complete 
| 200|0x000000008c800000, 0x000000008c900000, 0x000000008c900000|100%| E|CS|TAMS 0x000000008c800000, 0x000000008c800000| Complete 
| 201|0x000000008c900000, 0x000000008ca00000, 0x000000008ca00000|100%| E|CS|TAMS 0x000000008c900000, 0x000000008c900000| Complete 
| 202|0x000000008ca00000, 0x000000008cb00000, 0x000000008cb00000|100%| E|CS|TAMS 0x000000008ca00000, 0x000000008ca00000| Complete 
| 203|0x000000008cb00000, 0x000000008cc00000, 0x000000008cc00000|100%| E|CS|TAMS 0x000000008cb00000, 0x000000008cb00000| Complete 
| 204|0x000000008cc00000, 0x000000008cd00000, 0x000000008cd00000|100%| E|CS|TAMS 0x000000008cc00000, 0x000000008cc00000| Complete 
| 205|0x000000008cd00000, 0x000000008ce00000, 0x000000008ce00000|100%| E|CS|TAMS 0x000000008cd00000, 0x000000008cd00000| Complete 
| 206|0x000000008ce00000, 0x000000008cf00000, 0x000000008cf00000|100%| E|CS|TAMS 0x000000008ce00000, 0x000000008ce00000| Complete 
| 207|0x000000008cf00000, 0x000000008d000000, 0x000000008d000000|100%| E|CS|TAMS 0x000000008cf00000, 0x000000008cf00000| Complete 
| 208|0x000000008d000000, 0x000000008d100000, 0x000000008d100000|100%| E|CS|TAMS 0x000000008d000000, 0x000000008d000000| Complete 
| 209|0x000000008d100000, 0x000000008d200000, 0x000000008d200000|100%| E|CS|TAMS 0x000000008d100000, 0x000000008d100000| Complete 
| 210|0x000000008d200000, 0x000000008d300000, 0x000000008d300000|100%| E|CS|TAMS 0x000000008d200000, 0x000000008d200000| Complete 
| 211|0x000000008d300000, 0x000000008d400000, 0x000000008d400000|100%| E|CS|TAMS 0x000000008d300000, 0x000000008d300000| Complete 
| 212|0x000000008d400000, 0x000000008d500000, 0x000000008d500000|100%| E|CS|TAMS 0x000000008d400000, 0x000000008d400000| Complete 
| 213|0x000000008d500000, 0x000000008d600000, 0x000000008d600000|100%| E|CS|TAMS 0x000000008d500000, 0x000000008d500000| Complete 
| 214|0x000000008d600000, 0x000000008d700000, 0x000000008d700000|100%| E|CS|TAMS 0x000000008d600000, 0x000000008d600000| Complete 
| 215|0x000000008d700000, 0x000000008d800000, 0x000000008d800000|100%| E|CS|TAMS 0x000000008d700000, 0x000000008d700000| Complete 
| 216|0x000000008d800000, 0x000000008d900000, 0x000000008d900000|100%| E|CS|TAMS 0x000000008d800000, 0x000000008d800000| Complete 
| 217|0x000000008d900000, 0x000000008da00000, 0x000000008da00000|100%| E|CS|TAMS 0x000000008d900000, 0x000000008d900000| Complete 
| 218|0x000000008da00000, 0x000000008db00000, 0x000000008db00000|100%| E|CS|TAMS 0x000000008da00000, 0x000000008da00000| Complete 
| 219|0x000000008db00000, 0x000000008dc00000, 0x000000008dc00000|100%| E|CS|TAMS 0x000000008db00000, 0x000000008db00000| Complete 
| 220|0x000000008dc00000, 0x000000008dc859e0, 0x000000008dd00000| 52%| S|CS|TAMS 0x000000008dc00000, 0x000000008dc00000| Complete 
| 221|0x000000008dd00000, 0x000000008de00000, 0x000000008de00000|100%| S|CS|TAMS 0x000000008dd00000, 0x000000008dd00000| Complete 
| 222|0x000000008de00000, 0x000000008df00000, 0x000000008df00000|100%| E|CS|TAMS 0x000000008de00000, 0x000000008de00000| Complete 
| 223|0x000000008df00000, 0x000000008e000000, 0x000000008e000000|100%| E|CS|TAMS 0x000000008df00000, 0x000000008df00000| Complete 
| 224|0x000000008e000000, 0x000000008e100000, 0x000000008e100000|100%| E|CS|TAMS 0x000000008e000000, 0x000000008e000000| Complete 
| 225|0x000000008e100000, 0x000000008e200000, 0x000000008e200000|100%| E|CS|TAMS 0x000000008e100000, 0x000000008e100000| Complete 
| 226|0x000000008e200000, 0x000000008e300000, 0x000000008e300000|100%| E|CS|TAMS 0x000000008e200000, 0x000000008e200000| Complete 
| 227|0x000000008e300000, 0x000000008e400000, 0x000000008e400000|100%| E|CS|TAMS 0x000000008e300000, 0x000000008e300000| Complete 
| 228|0x000000008e400000, 0x000000008e500000, 0x000000008e500000|100%| E|CS|TAMS 0x000000008e400000, 0x000000008e400000| Complete 
| 229|0x000000008e500000, 0x000000008e600000, 0x000000008e600000|100%| E|CS|TAMS 0x000000008e500000, 0x000000008e500000| Complete 
| 230|0x000000008e600000, 0x000000008e700000, 0x000000008e700000|100%| E|CS|TAMS 0x000000008e600000, 0x000000008e600000| Complete 

Card table byte_map: [0x0000027b7bb90000,0x0000027b7bf90000] _byte_map_base: 0x0000027b7b790000

Marking Bits (Prev, Next): (CMBitMap*) 0x0000027b670393c8, (CMBitMap*) 0x0000027b67039400
 Prev Bits: [0x0000027b7c390000, 0x0000027b7e390000)
 Next Bits: [0x0000027b00000000, 0x0000027b02000000)

Polling page: 0x0000027b670e0000

Metaspace:

Usage:
  Non-class:     98.12 MB capacity,    96.26 MB ( 98%) used,     1.54 MB (  2%) free+waste,   324.69 KB ( <1%) overhead. 
      Class:     14.36 MB capacity,    13.34 MB ( 93%) used,   904.21 KB (  6%) free+waste,   144.38 KB ( <1%) overhead. 
       Both:    112.49 MB capacity,   109.60 MB ( 97%) used,     2.43 MB (  2%) free+waste,   469.06 KB ( <1%) overhead. 

Virtual space:
  Non-class space:      100.00 MB reserved,      98.37 MB ( 98%) committed 
      Class space:        1.00 GB reserved,      14.38 MB (  1%) committed 
             Both:        1.10 GB reserved,     112.75 MB ( 10%) committed 

Chunk freelists:
   Non-Class:  62.00 KB
       Class:  5.00 KB
        Both:  67.00 KB

MaxMetaspaceSize: 17179869184.00 GB
CompressedClassSpaceSize: 1.00 GB

CodeHeap 'non-profiled nmethods': size=120064Kb used=14645Kb max_used=14645Kb free=105418Kb
 bounds [0x0000027b73c30000, 0x0000027b74a80000, 0x0000027b7b170000]
CodeHeap 'profiled nmethods': size=120000Kb used=36047Kb max_used=36047Kb free=83952Kb
 bounds [0x0000027b6c700000, 0x0000027b6ea50000, 0x0000027b73c30000]
CodeHeap 'non-nmethods': size=5696Kb used=2326Kb max_used=2398Kb free=3369Kb
 bounds [0x0000027b6c170000, 0x0000027b6c3e0000, 0x0000027b6c700000]
 total_blobs=18088 nmethods=17153 adapters=845
 compilation: enabled
              stopped_count=0, restarted_count=0
 full_count=0

Compilation events (20 events):
Event: 6338.659 Thread 0x0000027b7f274000 19812       1       org.gradle.api.internal.provider.Collectors$SingleElement::calculatePresence (2 bytes)
Event: 6338.659 Thread 0x0000027b7f274000 nmethod 19812 0x0000027b74a7db10 code [0x0000027b74a7dcc0, 0x0000027b74a7dd78]
Event: 6338.659 Thread 0x0000027b7f268000 nmethod 19810 0x0000027b74a7de10 code [0x0000027b74a7dfa0, 0x0000027b74a7e158]
Event: 6338.661 Thread 0x0000027b7f274000 19815       3       com.android.tools.analytics.CommonMetricsData::getGarbageCollectionStats (193 bytes)
Event: 6338.666 Thread 0x0000027b7f274000 nmethod 19815 0x0000027b6ea47990 code [0x0000027b6ea47f40, 0x0000027b6ea4b098]
Event: 6338.670 Thread 0x0000027b7f274000 19816       3       com.android.tools.analytics.HostData::getGarbageCollectorBeans (18 bytes)
Event: 6338.670 Thread 0x0000027b7f274000 nmethod 19816 0x0000027b6ea4c210 code [0x0000027b6ea4c400, 0x0000027b6ea4c778]
Event: 6338.670 Thread 0x0000027b7f274000 19817       3       com.google.wireless.android.sdk.stats.JavaProcessStats$Builder::addAllGarbageCollectionStats (37 bytes)
Event: 6338.671 Thread 0x0000027b7f274000 nmethod 19817 0x0000027b6ea4c910 code [0x0000027b6ea4cb00, 0x0000027b6ea4ce98]
Event: 6338.671 Thread 0x0000027b7f274000 19818       3       com.google.wireless.android.sdk.stats.JavaProcessStats$Builder::ensureGarbageCollectionStatsIsMutable (37 bytes)
Event: 6338.671 Thread 0x0000027b7f274000 nmethod 19818 0x0000027b6ea4d010 code [0x0000027b6ea4d1e0, 0x0000027b6ea4d408]
Event: 6338.671 Thread 0x0000027b7f274000 19819       3       sun.management.ThreadImpl::getThreadCount (10 bytes)
Event: 6338.671 Thread 0x0000027b7f274000 nmethod 19819 0x0000027b6ea4d510 code [0x0000027b6ea4d6e0, 0x0000027b6ea4d868]
Event: 6338.671 Thread 0x0000027b7f274000 19821       3       com.google.wireless.android.sdk.stats.JavaProcessStats$Builder::buildPartial (170 bytes)
Event: 6338.673 Thread 0x0000027b7f274000 nmethod 19821 0x0000027b6ea4d990 code [0x0000027b6ea4dc80, 0x0000027b6ea4f128]
Event: 6338.673 Thread 0x0000027b7f274000 19822       3       com.google.wireless.android.sdk.stats.JavaProcessStats::<init> (6 bytes)
Event: 6338.673 Thread 0x0000027b7f274000 nmethod 19822 0x0000027b6ea4f710 code [0x0000027b6ea4f8e0, 0x0000027b6ea4fc58]
Event: 6338.675 Thread 0x0000027b7f268000 19823       4       org.gradle.internal.hash.Hashing$MessageDigestHasher::putInt (15 bytes)
Event: 6338.681 Thread 0x0000027b7f268000 nmethod 19823 0x0000027b74a7ee10 code [0x0000027b74a7efe0, 0x0000027b74a7f248]
Event: 6338.681 Thread 0x0000027b7f268000 19824       4       org.gradle.api.internal.artifacts.transform.DefaultTransformerInvocationFactory$ImmutableTransformationWorkspaceIdentity::getIdentity (54 bytes)

GC Heap History (20 events):
Event: 5899.170 GC heap before
{Heap before GC invocations=70 (full 0):
 garbage-first heap   total 236544K, used 99048K [0x0000000080000000, 0x0000000100000000)
  region size 1024K, 11 young (11264K), 9 survivors (9216K)
 Metaspace       used 110776K, capacity 113363K, committed 114684K, reserved 1148928K
  class space    used 13528K, capacity 14471K, committed 14720K, reserved 1048576K
}
Event: 5899.199 GC heap after
{Heap after GC invocations=71 (full 0):
 garbage-first heap   total 236544K, used 92093K [0x0000000080000000, 0x0000000100000000)
  region size 1024K, 1 young (1024K), 1 survivors (1024K)
 Metaspace       used 110776K, capacity 113363K, committed 114684K, reserved 1148928K
  class space    used 13528K, capacity 14471K, committed 14720K, reserved 1048576K
}
Event: 5967.100 GC heap before
{Heap before GC invocations=71 (full 0):
 garbage-first heap   total 236544K, used 180157K [0x0000000080000000, 0x0000000100000000)
  region size 1024K, 88 young (90112K), 1 survivors (1024K)
 Metaspace       used 111125K, capacity 113872K, committed 114684K, reserved 1148928K
  class space    used 13562K, capacity 14534K, committed 14720K, reserved 1048576K
}
Event: 5967.121 GC heap after
{Heap after GC invocations=72 (full 0):
 garbage-first heap   total 236544K, used 95181K [0x0000000080000000, 0x0000000100000000)
  region size 1024K, 5 young (5120K), 5 survivors (5120K)
 Metaspace       used 111125K, capacity 113872K, committed 114684K, reserved 1148928K
  class space    used 13562K, capacity 14534K, committed 14720K, reserved 1048576K
}
Event: 5968.657 GC heap before
{Heap before GC invocations=73 (full 0):
 garbage-first heap   total 236544K, used 183245K [0x0000000080000000, 0x0000000100000000)
  region size 1024K, 92 young (94208K), 5 survivors (5120K)
 Metaspace       used 111192K, capacity 113950K, committed 114684K, reserved 1148928K
  class space    used 13565K, capacity 14537K, committed 14720K, reserved 1048576K
}
Event: 5968.674 GC heap after
{Heap after GC invocations=74 (full 0):
 garbage-first heap   total 236544K, used 97728K [0x0000000080000000, 0x0000000100000000)
  region size 1024K, 7 young (7168K), 7 survivors (7168K)
 Metaspace       used 111192K, capacity 113950K, committed 114684K, reserved 1148928K
  class space    used 13565K, capacity 14537K, committed 14720K, reserved 1048576K
}
Event: 5968.711 GC heap before
{Heap before GC invocations=74 (full 0):
 garbage-first heap   total 236544K, used 100800K [0x0000000080000000, 0x0000000100000000)
  region size 1024K, 11 young (11264K), 7 survivors (7168K)
 Metaspace       used 111192K, capacity 113950K, committed 114684K, reserved 1148928K
  class space    used 13565K, capacity 14537K, committed 14720K, reserved 1048576K
}
Event: 5968.734 GC heap after
{Heap after GC invocations=75 (full 0):
 garbage-first heap   total 236544K, used 93473K [0x0000000080000000, 0x0000000100000000)
  region size 1024K, 1 young (1024K), 1 survivors (1024K)
 Metaspace       used 111192K, capacity 113950K, committed 114684K, reserved 1148928K
  class space    used 13565K, capacity 14537K, committed 14720K, reserved 1048576K
}
Event: 6228.450 GC heap before
{Heap before GC invocations=75 (full 0):
 garbage-first heap   total 236544K, used 160033K [0x0000000080000000, 0x0000000100000000)
  region size 1024K, 68 young (69632K), 1 survivors (1024K)
 Metaspace       used 111498K, capacity 114257K, committed 114684K, reserved 1148928K
  class space    used 13598K, capacity 14597K, committed 14720K, reserved 1048576K
}
Event: 6228.472 GC heap after
{Heap after GC invocations=76 (full 0):
 garbage-first heap   total 236544K, used 97370K [0x0000000080000000, 0x0000000100000000)
  region size 1024K, 5 young (5120K), 5 survivors (5120K)
 Metaspace       used 111498K, capacity 114257K, committed 114684K, reserved 1148928K
  class space    used 13598K, capacity 14597K, committed 14720K, reserved 1048576K
}
Event: 6232.811 GC heap before
{Heap before GC invocations=77 (full 0):
 garbage-first heap   total 236544K, used 196698K [0x0000000080000000, 0x0000000100000000)
  region size 1024K, 94 young (96256K), 5 survivors (5120K)
 Metaspace       used 111943K, capacity 114863K, committed 114940K, reserved 1148928K
  class space    used 13657K, capacity 14708K, committed 14720K, reserved 1048576K
}
Event: 6232.824 GC heap after
{Heap after GC invocations=78 (full 0):
 garbage-first heap   total 236544K, used 98800K [0x0000000080000000, 0x0000000100000000)
  region size 1024K, 6 young (6144K), 6 survivors (6144K)
 Metaspace       used 111943K, capacity 114863K, committed 114940K, reserved 1148928K
  class space    used 13657K, capacity 14708K, committed 14720K, reserved 1048576K
}
Event: 6260.356 GC heap before
{Heap before GC invocations=78 (full 0):
 garbage-first heap   total 236544K, used 103920K [0x0000000080000000, 0x0000000100000000)
  region size 1024K, 11 young (11264K), 6 survivors (6144K)
 Metaspace       used 111956K, capacity 114863K, committed 114940K, reserved 1148928K
  class space    used 13657K, capacity 14708K, committed 14720K, reserved 1048576K
}
Event: 6260.371 GC heap after
{Heap after GC invocations=79 (full 0):
 garbage-first heap   total 236544K, used 90208K [0x0000000080000000, 0x0000000100000000)
  region size 1024K, 2 young (2048K), 2 survivors (2048K)
 Metaspace       used 111956K, capacity 114863K, committed 114940K, reserved 1148928K
  class space    used 13657K, capacity 14708K, committed 14720K, reserved 1048576K
}
Event: 6261.374 GC heap before
{Heap before GC invocations=79 (full 0):
 garbage-first heap   total 236544K, used 139360K [0x0000000080000000, 0x0000000100000000)
  region size 1024K, 52 young (53248K), 2 survivors (2048K)
 Metaspace       used 112026K, capacity 114928K, committed 114940K, reserved 1148928K
  class space    used 13658K, capacity 14708K, committed 14720K, reserved 1048576K
}
Event: 6261.389 GC heap after
{Heap after GC invocations=80 (full 0):
 garbage-first heap   total 236544K, used 93384K [0x0000000080000000, 0x0000000100000000)
  region size 1024K, 5 young (5120K), 5 survivors (5120K)
 Metaspace       used 112026K, capacity 114928K, committed 114940K, reserved 1148928K
  class space    used 13658K, capacity 14708K, committed 14720K, reserved 1048576K
}
Event: 6337.858 GC heap before
{Heap before GC invocations=81 (full 0):
 garbage-first heap   total 236544K, used 198856K [0x0000000080000000, 0x0000000100000000)
  region size 1024K, 100 young (102400K), 5 survivors (5120K)
 Metaspace       used 112140K, capacity 114992K, committed 115196K, reserved 1150976K
  class space    used 13658K, capacity 14708K, committed 14720K, reserved 1048576K
}
Event: 6337.867 GC heap after
{Heap after GC invocations=82 (full 0):
 garbage-first heap   total 236544K, used 90490K [0x0000000080000000, 0x0000000100000000)
  region size 1024K, 2 young (2048K), 2 survivors (2048K)
 Metaspace       used 112140K, capacity 114992K, committed 115196K, reserved 1150976K
  class space    used 13658K, capacity 14708K, committed 14720K, reserved 1048576K
}
Event: 6338.000 GC heap before
{Heap before GC invocations=82 (full 0):
 garbage-first heap   total 236544K, used 98682K [0x0000000080000000, 0x0000000100000000)
  region size 1024K, 11 young (11264K), 2 survivors (2048K)
 Metaspace       used 112140K, capacity 114992K, committed 115196K, reserved 1150976K
  class space    used 13658K, capacity 14708K, committed 14720K, reserved 1048576K
}
Event: 6338.013 GC heap after
{Heap after GC invocations=83 (full 0):
 garbage-first heap   total 236544K, used 84998K [0x0000000080000000, 0x0000000100000000)
  region size 1024K, 2 young (2048K), 2 survivors (2048K)
 Metaspace       used 112140K, capacity 114992K, committed 115196K, reserved 1150976K
  class space    used 13658K, capacity 14708K, committed 14720K, reserved 1048576K
}

Deoptimization events (20 events):
Event: 6262.293 Thread 0x0000027b05284800 DEOPT PACKING pc=0x0000027b73f0a3a8 sp=0x000000df137fbaa0
Event: 6262.293 Thread 0x0000027b05284800 DEOPT UNPACKING pc=0x0000027b6c1974af sp=0x000000df137fba20 mode 2
Event: 6262.355 Thread 0x0000027b05286800 Uncommon trap: trap_request=0xffffff4d fr.pc=0x0000027b743e52bc relative=0x000000000000115c
Event: 6262.355 Thread 0x0000027b05286800 Uncommon trap: reason=unstable_if action=reinterpret pc=0x0000027b743e52bc method=java.util.concurrent.locks.AbstractQueuedSynchronizer.hasQueuedPredecessors()Z @ 34 c2
Event: 6262.355 Thread 0x0000027b05286800 DEOPT PACKING pc=0x0000027b743e52bc sp=0x000000df0c4fe2d0
Event: 6262.355 Thread 0x0000027b05286800 DEOPT UNPACKING pc=0x0000027b6c1974af sp=0x000000df0c4fe0a8 mode 2
Event: 6337.949 Thread 0x0000027b04cfe000 Uncommon trap: trap_request=0xffffff4d fr.pc=0x0000027b747496cc relative=0x000000000000346c
Event: 6337.949 Thread 0x0000027b04cfe000 Uncommon trap: reason=unstable_if action=reinterpret pc=0x0000027b747496cc method=java.util.concurrent.locks.AbstractQueuedSynchronizer.isOnSyncQueue(Ljava/util/concurrent/locks/AbstractQueuedSynchronizer$Node;)Z @ 13 c2
Event: 6337.949 Thread 0x0000027b04cfe000 DEOPT PACKING pc=0x0000027b747496cc sp=0x000000df0c2fe7c0
Event: 6337.949 Thread 0x0000027b04cfe000 DEOPT UNPACKING pc=0x0000027b6c1974af sp=0x000000df0c2fe658 mode 2
Event: 6338.052 Thread 0x0000027b04cf8800 Uncommon trap: trap_request=0xffffffcc fr.pc=0x0000027b749d16dc relative=0x000000000000037c
Event: 6338.052 Thread 0x0000027b04cf8800 Uncommon trap: reason=intrinsic_or_type_checked_inlining action=make_not_entrant pc=0x0000027b749d16dc method=com.google.common.collect.RegularImmutableSet.copyIntoArray([Ljava/lang/Object;I)I @ 11 c2
Event: 6338.052 Thread 0x0000027b04cf8800 DEOPT PACKING pc=0x0000027b749d16dc sp=0x000000df0aef8c50
Event: 6338.052 Thread 0x0000027b04cf8800 DEOPT UNPACKING pc=0x0000027b6c1974af sp=0x000000df0aef8aa8 mode 2
Event: 6338.087 Thread 0x0000027b04cf8800 Uncommon trap: trap_request=0xfffffff4 fr.pc=0x0000027b74a56fa4 relative=0x0000000000000164
Event: 6338.087 Thread 0x0000027b04cf8800 Uncommon trap: reason=null_check action=make_not_entrant pc=0x0000027b74a56fa4 method=org.gradle.api.internal.collections.CollectionFilter.filter(Ljava/lang/Object;)Ljava/lang/Object; @ 5 c2
Event: 6338.087 Thread 0x0000027b04cf8800 DEOPT PACKING pc=0x0000027b74a56fa4 sp=0x000000df0aefa590
Event: 6338.087 Thread 0x0000027b04cf8800 DEOPT UNPACKING pc=0x0000027b6c1974af sp=0x000000df0aefa530 mode 2
Event: 6338.540 Thread 0x0000027b04cf9800 DEOPT PACKING pc=0x0000027b6e2e4186 sp=0x000000df0b8fe450
Event: 6338.540 Thread 0x0000027b04cf9800 DEOPT UNPACKING pc=0x0000027b6c1972ce sp=0x000000df0b8fd8f8 mode 0

Classes redefined (0 events):
No events

Internal exceptions (20 events):
Event: 6232.748 Thread 0x0000027b04cfc000 Exception <a 'sun/nio/fs/WindowsException'{0x0000000089178a80}> (0x0000000089178a80) thrown at [./src/hotspot/share/prims/jni.cpp, line 615]
Event: 6232.749 Thread 0x0000027b04cfc000 Exception <a 'sun/nio/fs/WindowsException'{0x0000000089178d48}> (0x0000000089178d48) thrown at [./src/hotspot/share/prims/jni.cpp, line 615]
Event: 6232.832 Thread 0x0000027b04cf9800 Exception <a 'sun/nio/fs/WindowsException'{0x000000008e563b80}> (0x000000008e563b80) thrown at [./src/hotspot/share/prims/jni.cpp, line 615]
Event: 6260.456 Thread 0x0000027b05280000 Implicit null exception at 0x0000027b74231c7c to 0x0000027b74232170
Event: 6260.854 Thread 0x0000027b05280000 Exception <a 'sun/nio/fs/WindowsException'{0x000000008d2cfa70}> (0x000000008d2cfa70) thrown at [./src/hotspot/share/prims/jni.cpp, line 615]
Event: 6260.964 Thread 0x0000027b05280000 Exception <a 'sun/nio/fs/WindowsException'{0x000000008cfcbda8}> (0x000000008cfcbda8) thrown at [./src/hotspot/share/prims/jni.cpp, line 615]
Event: 6262.434 Thread 0x0000027b05284800 Exception <a 'sun/nio/fs/WindowsException'{0x000000008bd6b3f8}> (0x000000008bd6b3f8) thrown at [./src/hotspot/share/prims/jni.cpp, line 615]
Event: 6262.434 Thread 0x0000027b05284800 Exception <a 'sun/nio/fs/WindowsException'{0x000000008bd6c318}> (0x000000008bd6c318) thrown at [./src/hotspot/share/prims/jni.cpp, line 615]
Event: 6262.436 Thread 0x0000027b05284800 Exception <a 'sun/nio/fs/WindowsException'{0x000000008bd6d9b0}> (0x000000008bd6d9b0) thrown at [./src/hotspot/share/prims/jni.cpp, line 615]
Event: 6262.436 Thread 0x0000027b05284800 Exception <a 'sun/nio/fs/WindowsException'{0x000000008bd6e5c0}> (0x000000008bd6e5c0) thrown at [./src/hotspot/share/prims/jni.cpp, line 615]
Event: 6262.436 Thread 0x0000027b05284800 Exception <a 'sun/nio/fs/WindowsException'{0x000000008bd6e898}> (0x000000008bd6e898) thrown at [./src/hotspot/share/prims/jni.cpp, line 615]
Event: 6262.437 Thread 0x0000027b05284800 Exception <a 'sun/nio/fs/WindowsException'{0x000000008bd6f478}> (0x000000008bd6f478) thrown at [./src/hotspot/share/prims/jni.cpp, line 615]
Event: 6262.628 Thread 0x0000027b05289000 Exception <a 'sun/nio/fs/WindowsException'{0x000000008ad6fa10}> (0x000000008ad6fa10) thrown at [./src/hotspot/share/prims/jni.cpp, line 615]
Event: 6262.628 Thread 0x0000027b05289000 Exception <a 'sun/nio/fs/WindowsException'{0x000000008ad70688}> (0x000000008ad70688) thrown at [./src/hotspot/share/prims/jni.cpp, line 615]
Event: 6264.962 Thread 0x0000027b0528b000 Exception <a 'sun/nio/fs/WindowsException'{0x0000000088b1a8d8}> (0x0000000088b1a8d8) thrown at [./src/hotspot/share/prims/jni.cpp, line 615]
Event: 6264.962 Thread 0x0000027b0528b000 Exception <a 'sun/nio/fs/WindowsException'{0x0000000088b1aba0}> (0x0000000088b1aba0) thrown at [./src/hotspot/share/prims/jni.cpp, line 615]
Event: 6265.018 Thread 0x0000027b08a17800 Exception <a 'sun/nio/fs/WindowsException'{0x00000000888d53a8}> (0x00000000888d53a8) thrown at [./src/hotspot/share/prims/jni.cpp, line 615]
Event: 6338.087 Thread 0x0000027b04cf8800 Implicit null exception at 0x0000027b74a56e7e to 0x0000027b74a56f90
Event: 6338.134 Thread 0x0000027b04cf8800 Exception <a 'sun/nio/fs/WindowsException'{0x000000008dfa7ac0}> (0x000000008dfa7ac0) thrown at [./src/hotspot/share/prims/jni.cpp, line 615]
Event: 6338.188 Thread 0x0000027b04cf8800 Exception <a 'sun/nio/fs/WindowsException'{0x000000008dab2758}> (0x000000008dab2758) thrown at [./src/hotspot/share/prims/jni.cpp, line 615]

Events (20 events):
Event: 6338.194 Thread 0x0000027b06728000 Thread added: 0x0000027b06728000
Event: 6338.196 Thread 0x0000027b0672a800 Thread added: 0x0000027b0672a800
Event: 6338.200 Executing VM operation: RevokeBias
Event: 6338.201 Executing VM operation: RevokeBias done
Event: 6338.202 Executing VM operation: RevokeBias
Event: 6338.203 Executing VM operation: RevokeBias done
Event: 6338.203 Executing VM operation: RevokeBias
Event: 6338.203 Executing VM operation: RevokeBias done
Event: 6338.203 Executing VM operation: RevokeBias
Event: 6338.204 Executing VM operation: RevokeBias done
Event: 6338.214 Executing VM operation: RevokeBias
Event: 6338.214 Executing VM operation: RevokeBias done
Event: 6338.216 Executing VM operation: RevokeBias
Event: 6338.216 Executing VM operation: RevokeBias done
Event: 6338.218 Executing VM operation: RevokeBias
Event: 6338.219 Executing VM operation: RevokeBias done
Event: 6338.302 Executing VM operation: RevokeBias
Event: 6338.302 Executing VM operation: RevokeBias done
Event: 6338.577 Executing VM operation: RevokeBias
Event: 6338.578 Executing VM operation: RevokeBias done


Dynamic libraries:
0x00007ff795d50000 - 0x00007ff795d5a000 	C:\Program Files\Android\Android Studio\jre\bin\java.exe
0x00007ffe96870000 - 0x00007ffe96a65000 	C:\WINDOWS\SYSTEM32\ntdll.dll
0x00007ffe96560000 - 0x00007ffe9661d000 	C:\WINDOWS\System32\KERNEL32.DLL
0x00007ffe940a0000 - 0x00007ffe94368000 	C:\WINDOWS\System32\KERNELBASE.dll
0x00007ffe944c0000 - 0x00007ffe945c0000 	C:\WINDOWS\System32\ucrtbase.dll
0x00007ffe7a3e0000 - 0x00007ffe7a3f9000 	C:\Program Files\Android\Android Studio\jre\bin\jli.dll
0x00007ffe954c0000 - 0x00007ffe95660000 	C:\WINDOWS\System32\USER32.dll
0x00007ffe94070000 - 0x00007ffe94092000 	C:\WINDOWS\System32\win32u.dll
0x00007ffe96800000 - 0x00007ffe9682a000 	C:\WINDOWS\System32\GDI32.dll
0x00007ffe947d0000 - 0x00007ffe948db000 	C:\WINDOWS\System32\gdi32full.dll
0x00007ffe943c0000 - 0x00007ffe9445d000 	C:\WINDOWS\System32\msvcp_win.dll
0x00007ffe71270000 - 0x00007ffe71287000 	C:\Program Files\Android\Android Studio\jre\bin\VCRUNTIME140.dll
0x00007ffe7ce80000 - 0x00007ffe7d11a000 	C:\WINDOWS\WinSxS\amd64_microsoft.windows.common-controls_6595b64144ccf1df_6.0.19041.1052_none_60b8f8fd71f5e8cb\COMCTL32.dll
0x00007ffe96390000 - 0x00007ffe9642e000 	C:\WINDOWS\System32\msvcrt.dll
0x00007ffe94e30000 - 0x00007ffe94e60000 	C:\WINDOWS\System32\IMM32.DLL
0x00007ffe68a10000 - 0x00007ffe68aad000 	C:\Program Files\Android\Android Studio\jre\bin\msvcp140.dll
0x00007ffe6e0e0000 - 0x00007ffe6eb9c000 	C:\Program Files\Android\Android Studio\jre\bin\server\jvm.dll
0x00007ffe95980000 - 0x00007ffe95a2c000 	C:\WINDOWS\System32\ADVAPI32.dll
0x00007ffe95830000 - 0x00007ffe958cb000 	C:\WINDOWS\System32\sechost.dll
0x00007ffe96430000 - 0x00007ffe9655b000 	C:\WINDOWS\System32\RPCRT4.dll
0x00007ffe96740000 - 0x00007ffe96748000 	C:\WINDOWS\System32\PSAPI.DLL
0x00007ffe7a720000 - 0x00007ffe7a729000 	C:\WINDOWS\SYSTEM32\WSOCK32.dll
0x00007ffe7d8a0000 - 0x00007ffe7d8c7000 	C:\WINDOWS\SYSTEM32\WINMM.dll
0x00007ffe96170000 - 0x00007ffe961db000 	C:\WINDOWS\System32\WS2_32.dll
0x00007ffe8d6f0000 - 0x00007ffe8d6fa000 	C:\WINDOWS\SYSTEM32\VERSION.dll
0x00007ffe928d0000 - 0x00007ffe928e2000 	C:\WINDOWS\SYSTEM32\kernel.appcore.dll
0x00007ffe7a480000 - 0x00007ffe7a491000 	C:\Program Files\Android\Android Studio\jre\bin\verify.dll
0x00007ffe92580000 - 0x00007ffe92764000 	C:\WINDOWS\SYSTEM32\DBGHELP.DLL
0x00007ffe7dac0000 - 0x00007ffe7daec000 	C:\WINDOWS\SYSTEM32\dbgcore.DLL
0x00007ffe93fe0000 - 0x00007ffe94063000 	C:\WINDOWS\System32\bcryptPrimitives.dll
0x00007ffe7a1c0000 - 0x00007ffe7a1e9000 	C:\Program Files\Android\Android Studio\jre\bin\java.dll
0x00007ffe7a470000 - 0x00007ffe7a47b000 	C:\Program Files\Android\Android Studio\jre\bin\jimage.dll
0x00007ffe7a1a0000 - 0x00007ffe7a1b8000 	C:\Program Files\Android\Android Studio\jre\bin\zip.dll
0x00007ffe95a30000 - 0x00007ffe9616f000 	C:\WINDOWS\System32\SHELL32.dll
0x00007ffe91df0000 - 0x00007ffe92580000 	C:\WINDOWS\SYSTEM32\windows.storage.dll
0x00007ffe948e0000 - 0x00007ffe94c35000 	C:\WINDOWS\System32\combase.dll
0x00007ffe93950000 - 0x00007ffe9397c000 	C:\WINDOWS\SYSTEM32\Wldp.dll
0x00007ffe96750000 - 0x00007ffe967fe000 	C:\WINDOWS\System32\SHCORE.dll
0x00007ffe94d70000 - 0x00007ffe94dc5000 	C:\WINDOWS\System32\shlwapi.dll
0x00007ffe93ef0000 - 0x00007ffe93f0f000 	C:\WINDOWS\SYSTEM32\profapi.dll
0x00007ffe7a430000 - 0x00007ffe7a44a000 	C:\Program Files\Android\Android Studio\jre\bin\net.dll
0x00007ffe7d500000 - 0x00007ffe7d60b000 	C:\WINDOWS\SYSTEM32\WINHTTP.dll
0x00007ffe936c0000 - 0x00007ffe9372a000 	C:\WINDOWS\system32\mswsock.dll
0x00007ffe7a410000 - 0x00007ffe7a424000 	C:\Program Files\Android\Android Studio\jre\bin\nio.dll
0x00007ffe76560000 - 0x00007ffe76587000 	C:\Users\91912\.gradle\native\fdc75f09e3144964f2cf3f50f0aa648679c211496f362492102eb8c894070792\windows-amd64\native-platform.dll
0x00007ffe54410000 - 0x00007ffe545a6000 	C:\Users\91912\.gradle\native\12488b8bf47d2d4c9fbf2f6322a914ad602e24e48041cd04a747c6da556b65c4\windows-amd64\native-platform-file-events.dll
0x00007ffe7a400000 - 0x00007ffe7a40a000 	C:\Program Files\Android\Android Studio\jre\bin\management.dll
0x00007ffe7a190000 - 0x00007ffe7a19c000 	C:\Program Files\Android\Android Studio\jre\bin\management_ext.dll
0x00007ffe938a0000 - 0x00007ffe938b8000 	C:\WINDOWS\SYSTEM32\CRYPTSP.dll
0x00007ffe93060000 - 0x00007ffe93094000 	C:\WINDOWS\system32\rsaenh.dll
0x00007ffe93fb0000 - 0x00007ffe93fd7000 	C:\WINDOWS\System32\bcrypt.dll
0x00007ffe93eb0000 - 0x00007ffe93ede000 	C:\WINDOWS\SYSTEM32\USERENV.dll
0x00007ffe93890000 - 0x00007ffe9389c000 	C:\WINDOWS\SYSTEM32\CRYPTBASE.dll
0x00007ffe933b0000 - 0x00007ffe933eb000 	C:\WINDOWS\SYSTEM32\IPHLPAPI.DLL
0x00007ffe95810000 - 0x00007ffe95818000 	C:\WINDOWS\System32\NSI.dll
0x00007ffe8b300000 - 0x00007ffe8b317000 	C:\WINDOWS\SYSTEM32\dhcpcsvc6.DLL
0x00007ffe8c460000 - 0x00007ffe8c47d000 	C:\WINDOWS\SYSTEM32\dhcpcsvc.DLL
0x00007ffe933f0000 - 0x00007ffe934bc000 	C:\WINDOWS\SYSTEM32\DNSAPI.dll
0x00007ffe8c790000 - 0x00007ffe8c79b000 	C:\WINDOWS\SYSTEM32\WINNSI.DLL
0x00007ffe92cf0000 - 0x00007ffe92d23000 	C:\WINDOWS\SYSTEM32\ntmarta.dll

dbghelp: loaded successfully - version: 4.0.5 - missing functions: none
symbol engine: initialized successfully - sym options: 0x614 - pdb path: .;C:\Program Files\Android\Android Studio\jre\bin;C:\WINDOWS\SYSTEM32;C:\WINDOWS\WinSxS\amd64_microsoft.windows.common-controls_6595b64144ccf1df_6.0.19041.1052_none_60b8f8fd71f5e8cb;C:\Program Files\Android\Android Studio\jre\bin\server;C:\Users\91912\.gradle\native\fdc75f09e3144964f2cf3f50f0aa648679c211496f362492102eb8c894070792\windows-amd64;C:\Users\91912\.gradle\native\12488b8bf47d2d4c9fbf2f6322a914ad602e24e48041cd04a747c6da556b65c4\windows-amd64

VM Arguments:
jvm_args: --add-opens=java.base/java.util=ALL-UNNAMED --add-opens=java.base/java.lang=ALL-UNNAMED --add-opens=java.base/java.lang.invoke=ALL-UNNAMED --add-opens=java.prefs/java.util.prefs=ALL-UNNAMED -Xmx2048m -Dfile.encoding=windows-1252 -Duser.country=IN -Duser.language=en -Duser.variant 
java_command: org.gradle.launcher.daemon.bootstrap.GradleDaemon 6.7.1
java_class_path (initial): C:\Users\91912\.gradle\wrapper\dists\gradle-6.7.1-all\2moa8rlfac5eqlcfgk98k0deb\gradle-6.7.1\lib\gradle-launcher-6.7.1.jar
Launcher Type: SUN_STANDARD

[Global flags]
     intx CICompilerCount                          = 3                                         {product} {ergonomic}
     uint ConcGCThreads                            = 1                                         {product} {ergonomic}
     uint G1ConcRefinementThreads                  = 4                                         {product} {ergonomic}
   size_t G1HeapRegionSize                         = 1048576                                   {product} {ergonomic}
    uintx GCDrainStackTargetSize                   = 64                                        {product} {ergonomic}
   size_t InitialHeapSize                          = 201326592                                 {product} {ergonomic}
   size_t MarkStackSize                            = 4194304                                   {product} {ergonomic}
   size_t MaxHeapSize                              = 2147483648                                {product} {command line}
   size_t MaxNewSize                               = 1287651328                                {product} {ergonomic}
   size_t MinHeapDeltaBytes                        = 1048576                                   {product} {ergonomic}
    uintx NonNMethodCodeHeapSize                   = 5830732                                {pd product} {ergonomic}
    uintx NonProfiledCodeHeapSize                  = 122913754                              {pd product} {ergonomic}
    uintx ProfiledCodeHeapSize                     = 122913754                              {pd product} {ergonomic}
    uintx ReservedCodeCacheSize                    = 251658240                              {pd product} {ergonomic}
     bool SegmentedCodeCache                       = true                                      {product} {ergonomic}
     bool UseCompressedClassPointers               = true                                 {lp64_product} {ergonomic}
     bool UseCompressedOops                        = true                                 {lp64_product} {ergonomic}
     bool UseG1GC                                  = true                                      {product} {ergonomic}
     bool UseLargePagesIndividualAllocation        = false                                  {pd product} {ergonomic}

Logging:
Log output configuration:
 #0: stdout all=warning uptime,level,tags
 #1: stderr all=off uptime,level,tags

Environment Variables:
PATH=C:\WINDOWS\system32;C:\WINDOWS;C:\WINDOWS\System32\Wbem;C:\WINDOWS\System32\WindowsPowerShell\v1.0\;C:\WINDOWS\System32\OpenSSH\;C:\MinGW\bin;C:\MinGW\bin;C:\Users\91912\AppData\Local\Microsoft\WindowsApps
USERNAME=91912
OS=Windows_NT
PROCESSOR_IDENTIFIER=Intel64 Family 6 Model 142 Stepping 9, GenuineIntel



---------------  S Y S T E M  ---------------

OS: Windows 10 , 64 bit Build 19041 (10.0.19041.1023)
OS uptime: 0 days 2:05 hours

CPU:total 4 (initial active 4) (2 cores per cpu, 2 threads per core) family 6 model 142 stepping 9, cmov, cx8, fxsr, mmx, sse, sse2, sse3, ssse3, sse4.1, sse4.2, popcnt, avx, avx2, aes, clmul, erms, 3dnowpref, lzcnt, ht, tsc, tscinvbit, bmi1, bmi2, adx, fma

Memory: 4k page, system-wide physical 12171M (606M free)
TotalPageFile size 12171M (AvailPageFile size 5M)
current process WorkingSet (physical memory assigned to process): 481M, peak: 533M
current process commit charge ("private bytes"): 578M, peak: 600M

vm_info: OpenJDK 64-Bit Server VM (11.0.8+10-b944.6842174) for windows-amd64 JRE (11.0.8+10-b944.6842174), built on Sep 19 2020 01:11:42 by "builder" with MS VC++ 14.0 (VS2015)

END.
